ARM GAS  /tmp/ccSn5W6k.s 			page 1


   1              		.cpu cortex-m4
   2              		.eabi_attribute 20, 1
   3              		.eabi_attribute 21, 1
   4              		.eabi_attribute 23, 3
   5              		.eabi_attribute 24, 1
   6              		.eabi_attribute 25, 1
   7              		.eabi_attribute 26, 1
   8              		.eabi_attribute 30, 1
   9              		.eabi_attribute 34, 1
  10              		.eabi_attribute 18, 4
  11              		.file	"chtrace.c"
  12              		.file 1 "/usr/lib/gcc/arm-none-eabi/9.2.0/include/stddef.h"
  13              		.file 2 "/usr/arm-none-eabi/include/machine/_default_types.h"
  14              		.file 3 "/usr/arm-none-eabi/include/sys/_stdint.h"
  15              		.file 4 "../../ChibiOS/os/common/ports/ARMCMx/compilers/GCC/chtypes.h"
  16              		.file 5 "../../ChibiOS/os/rt/include/chsystypes.h"
  17              		.file 6 "../../ChibiOS/os/rt/include/chschd.h"
  18              		.file 7 "../../ChibiOS/os/rt/include/chtime.h"
  19              		.file 8 "../../ChibiOS/os/common/ext/ARM/CMSIS/Core/Include/core_cm4.h"
  20              		.file 9 "../../ChibiOS/os/common/ext/ST/STM32F4xx/system_stm32f4xx.h"
  21              		.file 10 "../../ChibiOS/os/common/ports/ARMCMx/chcore.h"
  22              		.file 11 "../../ChibiOS/os/common/ports/ARMCMx/chcore_v7m.h"
  23              		.file 12 "../../ChibiOS/os/rt/include/chtm.h"
  24              		.file 13 "../../ChibiOS/os/rt/include/chsem.h"
  25              		.file 14 "../../ChibiOS/os/rt/include/chmtx.h"
  26              		.file 15 "../../ChibiOS/os/rt/include/chsys.h"
  27              		.file 16 "../../ChibiOS/os/rt/include/chregistry.h"
  28              		.file 17 "../../ChibiOS/os/oslib/include/chmemcore.h"
  29              		.file 18 "../../ChibiOS/os/oslib/include/chmempools.h"
  30              		.file 19 "../../ChibiOS/os/oslib/include/chfactory.h"
  31              		.section	.gnu.debuglto_.debug_info,"e",%progbits
  32              	.Ldebug_info0:
  33              		.hidden	chtrace.c.b209d834
  34              		.weak	chtrace.c.b209d834
  35              	chtrace.c.b209d834:
  36 0000 380A0000 		.4byte	0xa38
  37 0004 0400     		.2byte	0x4
  38 0006 00000000 		.4byte	.Ldebug_abbrev0
  39 000a 04       		.byte	0x4
  40 000b 01       		.uleb128 0x1
  41 000c 9E010000 		.4byte	.LASF144
  42 0010 0C       		.byte	0xc
  43 0011 BC000000 		.4byte	.LASF145
  44 0015 48040000 		.4byte	.LASF146
  45 0019 00000000 		.4byte	.Ldebug_line0
  46 001d 02       		.uleb128 0x2
  47 001e 04       		.byte	0x4
  48 001f 05       		.byte	0x5
  49 0020 696E7400 		.ascii	"int\000"
  50 0024 03       		.uleb128 0x3
  51 0025 0D000000 		.4byte	.LASF4
  52 0029 01       		.byte	0x1
  53 002a D1       		.byte	0xd1
  54 002b 17       		.byte	0x17
  55 002c 30000000 		.4byte	0x30
  56 0030 04       		.uleb128 0x4
  57 0031 04       		.byte	0x4
ARM GAS  /tmp/ccSn5W6k.s 			page 2


  58 0032 07       		.byte	0x7
  59 0033 A5020000 		.4byte	.LASF0
  60 0037 04       		.uleb128 0x4
  61 0038 08       		.byte	0x8
  62 0039 05       		.byte	0x5
  63 003a 0F010000 		.4byte	.LASF1
  64 003e 04       		.uleb128 0x4
  65 003f 08       		.byte	0x8
  66 0040 04       		.byte	0x4
  67 0041 DD030000 		.4byte	.LASF2
  68 0045 04       		.uleb128 0x4
  69 0046 01       		.byte	0x1
  70 0047 06       		.byte	0x6
  71 0048 1D010000 		.4byte	.LASF3
  72 004c 03       		.uleb128 0x3
  73 004d 2A000000 		.4byte	.LASF5
  74 0051 02       		.byte	0x2
  75 0052 2B       		.byte	0x2b
  76 0053 18       		.byte	0x18
  77 0054 58000000 		.4byte	0x58
  78 0058 04       		.uleb128 0x4
  79 0059 01       		.byte	0x1
  80 005a 08       		.byte	0x8
  81 005b C8040000 		.4byte	.LASF6
  82 005f 04       		.uleb128 0x4
  83 0060 02       		.byte	0x2
  84 0061 05       		.byte	0x5
  85 0062 EC040000 		.4byte	.LASF7
  86 0066 03       		.uleb128 0x3
  87 0067 CB050000 		.4byte	.LASF8
  88 006b 02       		.byte	0x2
  89 006c 39       		.byte	0x39
  90 006d 19       		.byte	0x19
  91 006e 72000000 		.4byte	0x72
  92 0072 04       		.uleb128 0x4
  93 0073 02       		.byte	0x2
  94 0074 07       		.byte	0x7
  95 0075 21060000 		.4byte	.LASF9
  96 0079 03       		.uleb128 0x3
  97 007a 7F030000 		.4byte	.LASF10
  98 007e 02       		.byte	0x2
  99 007f 4D       		.byte	0x4d
 100 0080 18       		.byte	0x18
 101 0081 85000000 		.4byte	0x85
 102 0085 04       		.uleb128 0x4
 103 0086 04       		.byte	0x4
 104 0087 05       		.byte	0x5
 105 0088 4A010000 		.4byte	.LASF11
 106 008c 03       		.uleb128 0x3
 107 008d 93010000 		.4byte	.LASF12
 108 0091 02       		.byte	0x2
 109 0092 4F       		.byte	0x4f
 110 0093 19       		.byte	0x19
 111 0094 98000000 		.4byte	0x98
 112 0098 04       		.uleb128 0x4
 113 0099 04       		.byte	0x4
 114 009a 07       		.byte	0x7
ARM GAS  /tmp/ccSn5W6k.s 			page 3


 115 009b 9E050000 		.4byte	.LASF13
 116 009f 03       		.uleb128 0x3
 117 00a0 33040000 		.4byte	.LASF14
 118 00a4 02       		.byte	0x2
 119 00a5 69       		.byte	0x69
 120 00a6 19       		.byte	0x19
 121 00a7 AB000000 		.4byte	0xab
 122 00ab 04       		.uleb128 0x4
 123 00ac 08       		.byte	0x8
 124 00ad 07       		.byte	0x7
 125 00ae 73000000 		.4byte	.LASF15
 126 00b2 03       		.uleb128 0x3
 127 00b3 80060000 		.4byte	.LASF16
 128 00b7 03       		.byte	0x3
 129 00b8 18       		.byte	0x18
 130 00b9 13       		.byte	0x13
 131 00ba 4C000000 		.4byte	0x4c
 132 00be 05       		.uleb128 0x5
 133 00bf B2000000 		.4byte	0xb2
 134 00c3 03       		.uleb128 0x3
 135 00c4 74010000 		.4byte	.LASF17
 136 00c8 03       		.byte	0x3
 137 00c9 24       		.byte	0x24
 138 00ca 14       		.byte	0x14
 139 00cb 66000000 		.4byte	0x66
 140 00cf 03       		.uleb128 0x3
 141 00d0 C0040000 		.4byte	.LASF18
 142 00d4 03       		.byte	0x3
 143 00d5 2C       		.byte	0x2c
 144 00d6 13       		.byte	0x13
 145 00d7 79000000 		.4byte	0x79
 146 00db 06       		.uleb128 0x6
 147 00dc CF000000 		.4byte	0xcf
 148 00e0 03       		.uleb128 0x3
 149 00e1 70050000 		.4byte	.LASF19
 150 00e5 03       		.byte	0x3
 151 00e6 30       		.byte	0x30
 152 00e7 14       		.byte	0x14
 153 00e8 8C000000 		.4byte	0x8c
 154 00ec 03       		.uleb128 0x3
 155 00ed 21000000 		.4byte	.LASF20
 156 00f1 03       		.byte	0x3
 157 00f2 3C       		.byte	0x3c
 158 00f3 14       		.byte	0x14
 159 00f4 9F000000 		.4byte	0x9f
 160 00f8 03       		.uleb128 0x3
 161 00f9 AB030000 		.4byte	.LASF21
 162 00fd 04       		.byte	0x4
 163 00fe 27       		.byte	0x27
 164 00ff 1D       		.byte	0x1d
 165 0100 E0000000 		.4byte	0xe0
 166 0104 03       		.uleb128 0x3
 167 0105 4F030000 		.4byte	.LASF22
 168 0109 04       		.byte	0x4
 169 010a 2A       		.byte	0x2a
 170 010b 1D       		.byte	0x1d
 171 010c B2000000 		.4byte	0xb2
ARM GAS  /tmp/ccSn5W6k.s 			page 4


 172 0110 03       		.uleb128 0x3
 173 0111 53010000 		.4byte	.LASF23
 174 0115 04       		.byte	0x4
 175 0116 2B       		.byte	0x2b
 176 0117 1D       		.byte	0x1d
 177 0118 B2000000 		.4byte	0xb2
 178 011c 03       		.uleb128 0x3
 179 011d 80050000 		.4byte	.LASF24
 180 0121 04       		.byte	0x4
 181 0122 2C       		.byte	0x2c
 182 0123 1D       		.byte	0x1d
 183 0124 B2000000 		.4byte	0xb2
 184 0128 03       		.uleb128 0x3
 185 0129 A7040000 		.4byte	.LASF25
 186 012d 04       		.byte	0x4
 187 012e 2E       		.byte	0x2e
 188 012f 1D       		.byte	0x1d
 189 0130 E0000000 		.4byte	0xe0
 190 0134 03       		.uleb128 0x3
 191 0135 1A030000 		.4byte	.LASF26
 192 0139 04       		.byte	0x4
 193 013a 2F       		.byte	0x2f
 194 013b 1D       		.byte	0x1d
 195 013c CF000000 		.4byte	0xcf
 196 0140 03       		.uleb128 0x3
 197 0141 65030000 		.4byte	.LASF27
 198 0145 04       		.byte	0x4
 199 0146 31       		.byte	0x31
 200 0147 1D       		.byte	0x1d
 201 0148 E0000000 		.4byte	0xe0
 202 014c 03       		.uleb128 0x3
 203 014d 9F020000 		.4byte	.LASF28
 204 0151 04       		.byte	0x4
 205 0152 33       		.byte	0x33
 206 0153 1D       		.byte	0x1d
 207 0154 CF000000 		.4byte	0xcf
 208 0158 03       		.uleb128 0x3
 209 0159 20030000 		.4byte	.LASF29
 210 015d 04       		.byte	0x4
 211 015e 34       		.byte	0x34
 212 015f 1D       		.byte	0x1d
 213 0160 E0000000 		.4byte	0xe0
 214 0164 03       		.uleb128 0x3
 215 0165 D6050000 		.4byte	.LASF30
 216 0169 05       		.byte	0x5
 217 016a 34       		.byte	0x34
 218 016b 1A       		.byte	0x1a
 219 016c 70010000 		.4byte	0x170
 220 0170 07       		.uleb128 0x7
 221 0171 10030000 		.4byte	.LASF48
 222 0175 44       		.byte	0x44
 223 0176 06       		.byte	0x6
 224 0177 8E       		.byte	0x8e
 225 0178 08       		.byte	0x8
 226 0179 60020000 		.4byte	0x260
 227 017d 08       		.uleb128 0x8
 228 017e F2020000 		.4byte	.LASF31
ARM GAS  /tmp/ccSn5W6k.s 			page 5


 229 0182 06       		.byte	0x6
 230 0183 8F       		.byte	0x8f
 231 0184 19       		.byte	0x19
 232 0185 99020000 		.4byte	0x299
 233 0189 00       		.byte	0
 234 018a 08       		.uleb128 0x8
 235 018b 1D040000 		.4byte	.LASF32
 236 018f 06       		.byte	0x6
 237 0190 90       		.byte	0x90
 238 0191 19       		.byte	0x19
 239 0192 28010000 		.4byte	0x128
 240 0196 08       		.byte	0x8
 241 0197 09       		.uleb128 0x9
 242 0198 63747800 		.ascii	"ctx\000"
 243 019c 06       		.byte	0x6
 244 019d 91       		.byte	0x91
 245 019e 19       		.byte	0x19
 246 019f 9D050000 		.4byte	0x59d
 247 01a3 0C       		.byte	0xc
 248 01a4 08       		.uleb128 0x8
 249 01a5 94030000 		.4byte	.LASF33
 250 01a9 06       		.byte	0x6
 251 01aa 93       		.byte	0x93
 252 01ab 1A       		.byte	0x1a
 253 01ac 6C020000 		.4byte	0x26c
 254 01b0 10       		.byte	0x10
 255 01b1 08       		.uleb128 0x8
 256 01b2 BC050000 		.4byte	.LASF34
 257 01b6 06       		.byte	0x6
 258 01b7 94       		.byte	0x94
 259 01b8 1A       		.byte	0x1a
 260 01b9 6C020000 		.4byte	0x26c
 261 01bd 14       		.byte	0x14
 262 01be 08       		.uleb128 0x8
 263 01bf ED020000 		.4byte	.LASF35
 264 01c3 06       		.byte	0x6
 265 01c4 9B       		.byte	0x9b
 266 01c5 1A       		.byte	0x1a
 267 01c6 BC060000 		.4byte	0x6bc
 268 01ca 18       		.byte	0x18
 269 01cb 08       		.uleb128 0x8
 270 01cc B0050000 		.4byte	.LASF36
 271 01d0 06       		.byte	0x6
 272 01d1 A4       		.byte	0xa4
 273 01d2 1A       		.byte	0x1a
 274 01d3 D3060000 		.4byte	0x6d3
 275 01d7 1C       		.byte	0x1c
 276 01d8 08       		.uleb128 0x8
 277 01d9 44010000 		.4byte	.LASF37
 278 01dd 06       		.byte	0x6
 279 01de A9       		.byte	0xa9
 280 01df 19       		.byte	0x19
 281 01e0 10010000 		.4byte	0x110
 282 01e4 20       		.byte	0x20
 283 01e5 08       		.uleb128 0x8
 284 01e6 88060000 		.4byte	.LASF38
 285 01ea 06       		.byte	0x6
ARM GAS  /tmp/ccSn5W6k.s 			page 6


 286 01eb AD       		.byte	0xad
 287 01ec 19       		.byte	0x19
 288 01ed 04010000 		.4byte	0x104
 289 01f1 21       		.byte	0x21
 290 01f2 08       		.uleb128 0x8
 291 01f3 83040000 		.4byte	.LASF39
 292 01f7 06       		.byte	0x6
 293 01f8 B2       		.byte	0xb2
 294 01f9 19       		.byte	0x19
 295 01fa 1C010000 		.4byte	0x11c
 296 01fe 22       		.byte	0x22
 297 01ff 0A       		.uleb128 0xa
 298 0200 7500     		.ascii	"u\000"
 299 0202 06       		.byte	0x6
 300 0203 0301     		.2byte	0x103
 301 0205 19       		.byte	0x19
 302 0206 E2050000 		.4byte	0x5e2
 303 020a 24       		.byte	0x24
 304 020b 0B       		.uleb128 0xb
 305 020c 68020000 		.4byte	.LASF40
 306 0210 06       		.byte	0x6
 307 0211 0801     		.2byte	0x108
 308 0213 19       		.byte	0x19
 309 0214 72020000 		.4byte	0x272
 310 0218 28       		.byte	0x28
 311 0219 0B       		.uleb128 0xb
 312 021a 3B010000 		.4byte	.LASF41
 313 021e 06       		.byte	0x6
 314 021f 0E01     		.2byte	0x10e
 315 0221 19       		.byte	0x19
 316 0222 99020000 		.4byte	0x299
 317 0226 2C       		.byte	0x2c
 318 0227 0B       		.uleb128 0xb
 319 0228 27030000 		.4byte	.LASF42
 320 022c 06       		.byte	0x6
 321 022d 1401     		.2byte	0x114
 322 022f 19       		.byte	0x19
 323 0230 40010000 		.4byte	0x140
 324 0234 34       		.byte	0x34
 325 0235 0B       		.uleb128 0xb
 326 0236 D4060000 		.4byte	.LASF43
 327 023a 06       		.byte	0x6
 328 023b 1B01     		.2byte	0x11b
 329 023d 1A       		.byte	0x1a
 330 023e B6060000 		.4byte	0x6b6
 331 0242 38       		.byte	0x38
 332 0243 0B       		.uleb128 0xb
 333 0244 9A030000 		.4byte	.LASF44
 334 0248 06       		.byte	0x6
 335 0249 1F01     		.2byte	0x11f
 336 024b 19       		.byte	0x19
 337 024c 28010000 		.4byte	0x128
 338 0250 3C       		.byte	0x3c
 339 0251 0B       		.uleb128 0xb
 340 0252 F8020000 		.4byte	.LASF45
 341 0256 06       		.byte	0x6
 342 0257 2601     		.2byte	0x126
ARM GAS  /tmp/ccSn5W6k.s 			page 7


 343 0259 1A       		.byte	0x1a
 344 025a 59030000 		.4byte	0x359
 345 025e 40       		.byte	0x40
 346 025f 00       		.byte	0
 347 0260 03       		.uleb128 0x3
 348 0261 B3030000 		.4byte	.LASF46
 349 0265 05       		.byte	0x5
 350 0266 39       		.byte	0x39
 351 0267 14       		.byte	0x14
 352 0268 6C020000 		.4byte	0x26c
 353 026c 0C       		.uleb128 0xc
 354 026d 04       		.byte	0x4
 355 026e 64010000 		.4byte	0x164
 356 0272 03       		.uleb128 0x3
 357 0273 9F060000 		.4byte	.LASF47
 358 0277 05       		.byte	0x5
 359 0278 3E       		.byte	0x3e
 360 0279 20       		.byte	0x20
 361 027a 7E020000 		.4byte	0x27e
 362 027e 07       		.uleb128 0x7
 363 027f 88050000 		.4byte	.LASF49
 364 0283 04       		.byte	0x4
 365 0284 06       		.byte	0x6
 366 0285 7C       		.byte	0x7c
 367 0286 08       		.byte	0x8
 368 0287 99020000 		.4byte	0x299
 369 028b 08       		.uleb128 0x8
 370 028c F9000000 		.4byte	.LASF50
 371 0290 06       		.byte	0x6
 372 0291 7D       		.byte	0x7d
 373 0292 1A       		.byte	0x1a
 374 0293 6C020000 		.4byte	0x26c
 375 0297 00       		.byte	0
 376 0298 00       		.byte	0
 377 0299 03       		.uleb128 0x3
 378 029a 5B060000 		.4byte	.LASF51
 379 029e 05       		.byte	0x5
 380 029f 45       		.byte	0x45
 381 02a0 21       		.byte	0x21
 382 02a1 A5020000 		.4byte	0x2a5
 383 02a5 07       		.uleb128 0x7
 384 02a6 FE000000 		.4byte	.LASF52
 385 02aa 08       		.byte	0x8
 386 02ab 06       		.byte	0x6
 387 02ac 83       		.byte	0x83
 388 02ad 08       		.byte	0x8
 389 02ae CD020000 		.4byte	0x2cd
 390 02b2 08       		.uleb128 0x8
 391 02b3 F9000000 		.4byte	.LASF50
 392 02b7 06       		.byte	0x6
 393 02b8 84       		.byte	0x84
 394 02b9 1A       		.byte	0x1a
 395 02ba 6C020000 		.4byte	0x26c
 396 02be 00       		.byte	0
 397 02bf 08       		.uleb128 0x8
 398 02c0 34000000 		.4byte	.LASF53
 399 02c4 06       		.byte	0x6
ARM GAS  /tmp/ccSn5W6k.s 			page 8


 400 02c5 85       		.byte	0x85
 401 02c6 1A       		.byte	0x1a
 402 02c7 6C020000 		.4byte	0x26c
 403 02cb 04       		.byte	0x4
 404 02cc 00       		.byte	0
 405 02cd 03       		.uleb128 0x3
 406 02ce 00000000 		.4byte	.LASF54
 407 02d2 05       		.byte	0x5
 408 02d3 4C       		.byte	0x4c
 409 02d4 1E       		.byte	0x1e
 410 02d5 D9020000 		.4byte	0x2d9
 411 02d9 0D       		.uleb128 0xd
 412 02da 57030000 		.4byte	.LASF55
 413 02de 1C       		.byte	0x1c
 414 02df 06       		.byte	0x6
 415 02e0 5E01     		.2byte	0x15e
 416 02e2 08       		.byte	0x8
 417 02e3 3C030000 		.4byte	0x33c
 418 02e7 0B       		.uleb128 0xb
 419 02e8 F2020000 		.4byte	.LASF31
 420 02ec 06       		.byte	0x6
 421 02ed 5F01     		.2byte	0x15f
 422 02ef 19       		.byte	0x19
 423 02f0 99020000 		.4byte	0x299
 424 02f4 00       		.byte	0
 425 02f5 0B       		.uleb128 0xb
 426 02f6 1D040000 		.4byte	.LASF32
 427 02fa 06       		.byte	0x6
 428 02fb 6001     		.2byte	0x160
 429 02fd 19       		.byte	0x19
 430 02fe 28010000 		.4byte	0x128
 431 0302 08       		.byte	0x8
 432 0303 0A       		.uleb128 0xa
 433 0304 63747800 		.ascii	"ctx\000"
 434 0308 06       		.byte	0x6
 435 0309 6201     		.2byte	0x162
 436 030b 19       		.byte	0x19
 437 030c 9D050000 		.4byte	0x59d
 438 0310 0C       		.byte	0xc
 439 0311 0B       		.uleb128 0xb
 440 0312 94030000 		.4byte	.LASF33
 441 0316 06       		.byte	0x6
 442 0317 6501     		.2byte	0x165
 443 0319 1A       		.byte	0x1a
 444 031a 6C020000 		.4byte	0x26c
 445 031e 10       		.byte	0x10
 446 031f 0B       		.uleb128 0xb
 447 0320 BC050000 		.4byte	.LASF34
 448 0324 06       		.byte	0x6
 449 0325 6601     		.2byte	0x166
 450 0327 1A       		.byte	0x1a
 451 0328 6C020000 		.4byte	0x26c
 452 032c 14       		.byte	0x14
 453 032d 0B       		.uleb128 0xb
 454 032e 2B040000 		.4byte	.LASF56
 455 0332 06       		.byte	0x6
 456 0333 6901     		.2byte	0x169
ARM GAS  /tmp/ccSn5W6k.s 			page 9


 457 0335 1A       		.byte	0x1a
 458 0336 6C020000 		.4byte	0x26c
 459 033a 18       		.byte	0x18
 460 033b 00       		.byte	0
 461 033c 03       		.uleb128 0x3
 462 033d F4050000 		.4byte	.LASF57
 463 0341 05       		.byte	0x5
 464 0342 51       		.byte	0x51
 465 0343 10       		.byte	0x10
 466 0344 48030000 		.4byte	0x348
 467 0348 0C       		.uleb128 0xc
 468 0349 04       		.byte	0x4
 469 034a 4E030000 		.4byte	0x34e
 470 034e 0E       		.uleb128 0xe
 471 034f 59030000 		.4byte	0x359
 472 0353 0F       		.uleb128 0xf
 473 0354 59030000 		.4byte	0x359
 474 0358 00       		.byte	0
 475 0359 10       		.uleb128 0x10
 476 035a 04       		.byte	0x4
 477 035b 03       		.uleb128 0x3
 478 035c 88040000 		.4byte	.LASF58
 479 0360 05       		.byte	0x5
 480 0361 56       		.byte	0x56
 481 0362 21       		.byte	0x21
 482 0363 67030000 		.4byte	0x367
 483 0367 0D       		.uleb128 0xd
 484 0368 24050000 		.4byte	.LASF59
 485 036c 14       		.byte	0x14
 486 036d 06       		.byte	0x6
 487 036e 3901     		.2byte	0x139
 488 0370 08       		.byte	0x8
 489 0371 BC030000 		.4byte	0x3bc
 490 0375 0B       		.uleb128 0xb
 491 0376 F9000000 		.4byte	.LASF50
 492 037a 06       		.byte	0x6
 493 037b 3A01     		.2byte	0x13a
 494 037d 1A       		.byte	0x1a
 495 037e D9060000 		.4byte	0x6d9
 496 0382 00       		.byte	0
 497 0383 0B       		.uleb128 0xb
 498 0384 34000000 		.4byte	.LASF53
 499 0388 06       		.byte	0x6
 500 0389 3B01     		.2byte	0x13b
 501 038b 1A       		.byte	0x1a
 502 038c D9060000 		.4byte	0x6d9
 503 0390 04       		.byte	0x4
 504 0391 0B       		.uleb128 0xb
 505 0392 14000000 		.4byte	.LASF60
 506 0396 06       		.byte	0x6
 507 0397 3C01     		.2byte	0x13c
 508 0399 19       		.byte	0x19
 509 039a A4040000 		.4byte	0x4a4
 510 039e 08       		.byte	0x8
 511 039f 0B       		.uleb128 0xb
 512 03a0 5C010000 		.4byte	.LASF61
 513 03a4 06       		.byte	0x6
ARM GAS  /tmp/ccSn5W6k.s 			page 10


 514 03a5 3D01     		.2byte	0x13d
 515 03a7 19       		.byte	0x19
 516 03a8 3C030000 		.4byte	0x33c
 517 03ac 0C       		.byte	0xc
 518 03ad 0A       		.uleb128 0xa
 519 03ae 70617200 		.ascii	"par\000"
 520 03b2 06       		.byte	0x6
 521 03b3 3F01     		.2byte	0x13f
 522 03b5 1A       		.byte	0x1a
 523 03b6 59030000 		.4byte	0x359
 524 03ba 10       		.byte	0x10
 525 03bb 00       		.byte	0
 526 03bc 03       		.uleb128 0x3
 527 03bd A6000000 		.4byte	.LASF62
 528 03c1 05       		.byte	0x5
 529 03c2 5B       		.byte	0x5b
 530 03c3 28       		.byte	0x28
 531 03c4 C8030000 		.4byte	0x3c8
 532 03c8 0D       		.uleb128 0xd
 533 03c9 C6030000 		.4byte	.LASF63
 534 03cd 10       		.byte	0x10
 535 03ce 06       		.byte	0x6
 536 03cf 4901     		.2byte	0x149
 537 03d1 08       		.byte	0x8
 538 03d2 0F040000 		.4byte	0x40f
 539 03d6 0B       		.uleb128 0xb
 540 03d7 F9000000 		.4byte	.LASF50
 541 03db 06       		.byte	0x6
 542 03dc 4A01     		.2byte	0x14a
 543 03de 1A       		.byte	0x1a
 544 03df D9060000 		.4byte	0x6d9
 545 03e3 00       		.byte	0
 546 03e4 0B       		.uleb128 0xb
 547 03e5 34000000 		.4byte	.LASF53
 548 03e9 06       		.byte	0x6
 549 03ea 4C01     		.2byte	0x14c
 550 03ec 1A       		.byte	0x1a
 551 03ed D9060000 		.4byte	0x6d9
 552 03f1 04       		.byte	0x4
 553 03f2 0B       		.uleb128 0xb
 554 03f3 14000000 		.4byte	.LASF60
 555 03f7 06       		.byte	0x6
 556 03f8 4E01     		.2byte	0x14e
 557 03fa 19       		.byte	0x19
 558 03fb A4040000 		.4byte	0x4a4
 559 03ff 08       		.byte	0x8
 560 0400 0B       		.uleb128 0xb
 561 0401 F6040000 		.4byte	.LASF64
 562 0405 06       		.byte	0x6
 563 0406 5601     		.2byte	0x156
 564 0408 19       		.byte	0x19
 565 0409 98040000 		.4byte	0x498
 566 040d 0C       		.byte	0xc
 567 040e 00       		.byte	0
 568 040f 03       		.uleb128 0x3
 569 0410 45000000 		.4byte	.LASF65
 570 0414 05       		.byte	0x5
ARM GAS  /tmp/ccSn5W6k.s 			page 11


 571 0415 60       		.byte	0x60
 572 0416 20       		.byte	0x20
 573 0417 1B040000 		.4byte	0x41b
 574 041b 0D       		.uleb128 0xd
 575 041c 58020000 		.4byte	.LASF66
 576 0420 04       		.byte	0x4
 577 0421 06       		.byte	0x6
 578 0422 7001     		.2byte	0x170
 579 0424 08       		.byte	0x8
 580 0425 38040000 		.4byte	0x438
 581 0429 0B       		.uleb128 0xb
 582 042a FD050000 		.4byte	.LASF67
 583 042e 06       		.byte	0x6
 584 042f 7801     		.2byte	0x178
 585 0431 24       		.byte	0x24
 586 0432 C2060000 		.4byte	0x6c2
 587 0436 00       		.byte	0
 588 0437 00       		.byte	0
 589 0438 03       		.uleb128 0x3
 590 0439 3B030000 		.4byte	.LASF68
 591 043d 05       		.byte	0x5
 592 043e 65       		.byte	0x65
 593 043f 1A       		.byte	0x1a
 594 0440 44040000 		.4byte	0x444
 595 0444 0D       		.uleb128 0xd
 596 0445 06050000 		.4byte	.LASF69
 597 0449 78       		.byte	0x78
 598 044a 06       		.byte	0x6
 599 044b 9001     		.2byte	0x190
 600 044d 08       		.byte	0x8
 601 044e 98040000 		.4byte	0x498
 602 0452 0B       		.uleb128 0xb
 603 0453 2E010000 		.4byte	.LASF70
 604 0457 06       		.byte	0x6
 605 0458 9401     		.2byte	0x194
 606 045a 19       		.byte	0x19
 607 045b CD020000 		.4byte	0x2cd
 608 045f 00       		.byte	0
 609 0460 0B       		.uleb128 0xb
 610 0461 34010000 		.4byte	.LASF71
 611 0465 06       		.byte	0x6
 612 0466 9801     		.2byte	0x198
 613 0468 19       		.byte	0x19
 614 0469 BC030000 		.4byte	0x3bc
 615 046d 1C       		.byte	0x1c
 616 046e 0A       		.uleb128 0xa
 617 046f 64626700 		.ascii	"dbg\000"
 618 0473 06       		.byte	0x6
 619 0474 9C01     		.2byte	0x19c
 620 0476 19       		.byte	0x19
 621 0477 0F040000 		.4byte	0x40f
 622 047b 2C       		.byte	0x2c
 623 047c 0B       		.uleb128 0xb
 624 047d 93000000 		.4byte	.LASF72
 625 0481 06       		.byte	0x6
 626 0482 A001     		.2byte	0x1a0
 627 0484 19       		.byte	0x19
ARM GAS  /tmp/ccSn5W6k.s 			page 12


 628 0485 64010000 		.4byte	0x164
 629 0489 30       		.byte	0x30
 630 048a 0A       		.uleb128 0xa
 631 048b 746D00   		.ascii	"tm\000"
 632 048e 06       		.byte	0x6
 633 048f A501     		.2byte	0x1a5
 634 0491 19       		.byte	0x19
 635 0492 D6050000 		.4byte	0x5d6
 636 0496 74       		.byte	0x74
 637 0497 00       		.byte	0
 638 0498 03       		.uleb128 0x3
 639 0499 EA050000 		.4byte	.LASF73
 640 049d 07       		.byte	0x7
 641 049e 6D       		.byte	0x6d
 642 049f 12       		.byte	0x12
 643 04a0 E0000000 		.4byte	0xe0
 644 04a4 03       		.uleb128 0x3
 645 04a5 91020000 		.4byte	.LASF74
 646 04a9 07       		.byte	0x7
 647 04aa 79       		.byte	0x79
 648 04ab 12       		.byte	0x12
 649 04ac E0000000 		.4byte	0xe0
 650 04b0 11       		.uleb128 0x11
 651 04b1 DE000000 		.4byte	.LASF75
 652 04b5 08       		.byte	0x8
 653 04b6 0408     		.2byte	0x804
 654 04b8 19       		.byte	0x19
 655 04b9 DB000000 		.4byte	0xdb
 656 04bd 12       		.uleb128 0x12
 657 04be B2020000 		.4byte	.LASF76
 658 04c2 09       		.byte	0x9
 659 04c3 4C       		.byte	0x4c
 660 04c4 11       		.byte	0x11
 661 04c5 E0000000 		.4byte	0xe0
 662 04c9 13       		.uleb128 0x13
 663 04ca BE000000 		.4byte	0xbe
 664 04ce D9040000 		.4byte	0x4d9
 665 04d2 14       		.uleb128 0x14
 666 04d3 30000000 		.4byte	0x30
 667 04d7 0F       		.byte	0xf
 668 04d8 00       		.byte	0
 669 04d9 05       		.uleb128 0x5
 670 04da C9040000 		.4byte	0x4c9
 671 04de 12       		.uleb128 0x12
 672 04df 71030000 		.4byte	.LASF77
 673 04e3 09       		.byte	0x9
 674 04e4 4E       		.byte	0x4e
 675 04e5 17       		.byte	0x17
 676 04e6 D9040000 		.4byte	0x4d9
 677 04ea 13       		.uleb128 0x13
 678 04eb BE000000 		.4byte	0xbe
 679 04ef FA040000 		.4byte	0x4fa
 680 04f3 14       		.uleb128 0x14
 681 04f4 30000000 		.4byte	0x30
 682 04f8 07       		.byte	0x7
 683 04f9 00       		.byte	0
 684 04fa 05       		.uleb128 0x5
ARM GAS  /tmp/ccSn5W6k.s 			page 13


 685 04fb EA040000 		.4byte	0x4ea
 686 04ff 12       		.uleb128 0x12
 687 0500 70020000 		.4byte	.LASF78
 688 0504 09       		.byte	0x9
 689 0505 4F       		.byte	0x4f
 690 0506 17       		.byte	0x17
 691 0507 FA040000 		.4byte	0x4fa
 692 050b 03       		.uleb128 0x3
 693 050c 89030000 		.4byte	.LASF79
 694 0510 0A       		.byte	0xa
 695 0511 68       		.byte	0x68
 696 0512 12       		.byte	0x12
 697 0513 EC000000 		.4byte	0xec
 698 0517 0D       		.uleb128 0xd
 699 0518 39000000 		.4byte	.LASF80
 700 051c 24       		.byte	0x24
 701 051d 0B       		.byte	0xb
 702 051e 8501     		.2byte	0x185
 703 0520 08       		.byte	0x8
 704 0521 9D050000 		.4byte	0x59d
 705 0525 0A       		.uleb128 0xa
 706 0526 723400   		.ascii	"r4\000"
 707 0529 0B       		.byte	0xb
 708 052a 9E01     		.2byte	0x19e
 709 052c 11       		.byte	0x11
 710 052d E0000000 		.4byte	0xe0
 711 0531 00       		.byte	0
 712 0532 0A       		.uleb128 0xa
 713 0533 723500   		.ascii	"r5\000"
 714 0536 0B       		.byte	0xb
 715 0537 9F01     		.2byte	0x19f
 716 0539 11       		.byte	0x11
 717 053a E0000000 		.4byte	0xe0
 718 053e 04       		.byte	0x4
 719 053f 0A       		.uleb128 0xa
 720 0540 723600   		.ascii	"r6\000"
 721 0543 0B       		.byte	0xb
 722 0544 A001     		.2byte	0x1a0
 723 0546 11       		.byte	0x11
 724 0547 E0000000 		.4byte	0xe0
 725 054b 08       		.byte	0x8
 726 054c 0A       		.uleb128 0xa
 727 054d 723700   		.ascii	"r7\000"
 728 0550 0B       		.byte	0xb
 729 0551 A101     		.2byte	0x1a1
 730 0553 11       		.byte	0x11
 731 0554 E0000000 		.4byte	0xe0
 732 0558 0C       		.byte	0xc
 733 0559 0A       		.uleb128 0xa
 734 055a 723800   		.ascii	"r8\000"
 735 055d 0B       		.byte	0xb
 736 055e A201     		.2byte	0x1a2
 737 0560 11       		.byte	0x11
 738 0561 E0000000 		.4byte	0xe0
 739 0565 10       		.byte	0x10
 740 0566 0A       		.uleb128 0xa
 741 0567 723900   		.ascii	"r9\000"
ARM GAS  /tmp/ccSn5W6k.s 			page 14


 742 056a 0B       		.byte	0xb
 743 056b A301     		.2byte	0x1a3
 744 056d 11       		.byte	0x11
 745 056e E0000000 		.4byte	0xe0
 746 0572 14       		.byte	0x14
 747 0573 0A       		.uleb128 0xa
 748 0574 72313000 		.ascii	"r10\000"
 749 0578 0B       		.byte	0xb
 750 0579 A401     		.2byte	0x1a4
 751 057b 11       		.byte	0x11
 752 057c E0000000 		.4byte	0xe0
 753 0580 18       		.byte	0x18
 754 0581 0A       		.uleb128 0xa
 755 0582 72313100 		.ascii	"r11\000"
 756 0586 0B       		.byte	0xb
 757 0587 A501     		.2byte	0x1a5
 758 0589 11       		.byte	0x11
 759 058a E0000000 		.4byte	0xe0
 760 058e 1C       		.byte	0x1c
 761 058f 0A       		.uleb128 0xa
 762 0590 6C7200   		.ascii	"lr\000"
 763 0593 0B       		.byte	0xb
 764 0594 A601     		.2byte	0x1a6
 765 0596 11       		.byte	0x11
 766 0597 E0000000 		.4byte	0xe0
 767 059b 20       		.byte	0x20
 768 059c 00       		.byte	0
 769 059d 0D       		.uleb128 0xd
 770 059e FF030000 		.4byte	.LASF81
 771 05a2 04       		.byte	0x4
 772 05a3 0B       		.byte	0xb
 773 05a4 A901     		.2byte	0x1a9
 774 05a6 08       		.byte	0x8
 775 05a7 B9050000 		.4byte	0x5b9
 776 05ab 0A       		.uleb128 0xa
 777 05ac 737000   		.ascii	"sp\000"
 778 05af 0B       		.byte	0xb
 779 05b0 AA01     		.2byte	0x1aa
 780 05b2 1A       		.byte	0x1a
 781 05b3 B9050000 		.4byte	0x5b9
 782 05b7 00       		.byte	0
 783 05b8 00       		.byte	0
 784 05b9 0C       		.uleb128 0xc
 785 05ba 04       		.byte	0x4
 786 05bb 17050000 		.4byte	0x517
 787 05bf 15       		.uleb128 0x15
 788 05c0 04       		.byte	0x4
 789 05c1 0C       		.byte	0xc
 790 05c2 38       		.byte	0x38
 791 05c3 09       		.byte	0x9
 792 05c4 D6050000 		.4byte	0x5d6
 793 05c8 08       		.uleb128 0x8
 794 05c9 07060000 		.4byte	.LASF82
 795 05cd 0C       		.byte	0xc
 796 05ce 3C       		.byte	0x3c
 797 05cf 19       		.byte	0x19
 798 05d0 F8000000 		.4byte	0xf8
ARM GAS  /tmp/ccSn5W6k.s 			page 15


 799 05d4 00       		.byte	0
 800 05d5 00       		.byte	0
 801 05d6 03       		.uleb128 0x3
 802 05d7 0C040000 		.4byte	.LASF83
 803 05db 0C       		.byte	0xc
 804 05dc 3D       		.byte	0x3d
 805 05dd 03       		.byte	0x3
 806 05de BF050000 		.4byte	0x5bf
 807 05e2 16       		.uleb128 0x16
 808 05e3 04       		.byte	0x4
 809 05e4 06       		.byte	0x6
 810 05e5 C6       		.byte	0xc6
 811 05e6 03       		.byte	0x3
 812 05e7 4D060000 		.4byte	0x64d
 813 05eb 17       		.uleb128 0x17
 814 05ec 1A000000 		.4byte	.LASF84
 815 05f0 06       		.byte	0x6
 816 05f1 CD       		.byte	0xcd
 817 05f2 19       		.byte	0x19
 818 05f3 34010000 		.4byte	0x134
 819 05f7 17       		.uleb128 0x17
 820 05f8 8A000000 		.4byte	.LASF85
 821 05fc 06       		.byte	0x6
 822 05fd D4       		.byte	0xd4
 823 05fe 19       		.byte	0x19
 824 05ff 34010000 		.4byte	0x134
 825 0603 17       		.uleb128 0x17
 826 0604 98060000 		.4byte	.LASF86
 827 0608 06       		.byte	0x6
 828 0609 DB       		.byte	0xdb
 829 060a 1A       		.byte	0x1a
 830 060b 59030000 		.4byte	0x359
 831 060f 17       		.uleb128 0x17
 832 0610 C9020000 		.4byte	.LASF87
 833 0614 06       		.byte	0x6
 834 0615 E2       		.byte	0xe2
 835 0616 1A       		.byte	0x1a
 836 0617 4D060000 		.4byte	0x64d
 837 061b 17       		.uleb128 0x17
 838 061c 9E000000 		.4byte	.LASF88
 839 0620 06       		.byte	0x6
 840 0621 E7       		.byte	0xe7
 841 0622 19       		.byte	0x19
 842 0623 34010000 		.4byte	0x134
 843 0627 17       		.uleb128 0x17
 844 0628 C2020000 		.4byte	.LASF89
 845 062c 06       		.byte	0x6
 846 062d F0       		.byte	0xf0
 847 062e 1A       		.byte	0x1a
 848 062f 7B060000 		.4byte	0x67b
 849 0633 17       		.uleb128 0x17
 850 0634 79050000 		.4byte	.LASF90
 851 0638 06       		.byte	0x6
 852 0639 F9       		.byte	0xf9
 853 063a 1A       		.byte	0x1a
 854 063b B6060000 		.4byte	0x6b6
 855 063f 18       		.uleb128 0x18
ARM GAS  /tmp/ccSn5W6k.s 			page 16


 856 0640 FF040000 		.4byte	.LASF91
 857 0644 06       		.byte	0x6
 858 0645 0101     		.2byte	0x101
 859 0647 19       		.byte	0x19
 860 0648 40010000 		.4byte	0x140
 861 064c 00       		.byte	0
 862 064d 0C       		.uleb128 0xc
 863 064e 04       		.byte	0x4
 864 064f 60020000 		.4byte	0x260
 865 0653 07       		.uleb128 0x7
 866 0654 35050000 		.4byte	.LASF92
 867 0658 0C       		.byte	0xc
 868 0659 0D       		.byte	0xd
 869 065a 34       		.byte	0x34
 870 065b 10       		.byte	0x10
 871 065c 7B060000 		.4byte	0x67b
 872 0660 08       		.uleb128 0x8
 873 0661 F2020000 		.4byte	.LASF31
 874 0665 0D       		.byte	0xd
 875 0666 35       		.byte	0x35
 876 0667 19       		.byte	0x19
 877 0668 99020000 		.4byte	0x299
 878 066c 00       		.byte	0
 879 066d 09       		.uleb128 0x9
 880 066e 636E7400 		.ascii	"cnt\000"
 881 0672 0D       		.byte	0xd
 882 0673 37       		.byte	0x37
 883 0674 19       		.byte	0x19
 884 0675 4C010000 		.4byte	0x14c
 885 0679 08       		.byte	0x8
 886 067a 00       		.byte	0
 887 067b 0C       		.uleb128 0xc
 888 067c 04       		.byte	0x4
 889 067d 53060000 		.4byte	0x653
 890 0681 07       		.uleb128 0x7
 891 0682 0E060000 		.4byte	.LASF93
 892 0686 10       		.byte	0x10
 893 0687 0E       		.byte	0xe
 894 0688 39       		.byte	0x39
 895 0689 08       		.byte	0x8
 896 068a B6060000 		.4byte	0x6b6
 897 068e 08       		.uleb128 0x8
 898 068f F2020000 		.4byte	.LASF31
 899 0693 0E       		.byte	0xe
 900 0694 3A       		.byte	0x3a
 901 0695 19       		.byte	0x19
 902 0696 99020000 		.4byte	0x299
 903 069a 00       		.byte	0
 904 069b 08       		.uleb128 0x8
 905 069c 98050000 		.4byte	.LASF94
 906 06a0 0E       		.byte	0xe
 907 06a1 3C       		.byte	0x3c
 908 06a2 1A       		.byte	0x1a
 909 06a3 6C020000 		.4byte	0x26c
 910 06a7 08       		.byte	0x8
 911 06a8 08       		.uleb128 0x8
 912 06a9 F9000000 		.4byte	.LASF50
ARM GAS  /tmp/ccSn5W6k.s 			page 17


 913 06ad 0E       		.byte	0xe
 914 06ae 3E       		.byte	0x3e
 915 06af 1A       		.byte	0x1a
 916 06b0 30080000 		.4byte	0x830
 917 06b4 0C       		.byte	0xc
 918 06b5 00       		.byte	0
 919 06b6 0C       		.uleb128 0xc
 920 06b7 04       		.byte	0x4
 921 06b8 81060000 		.4byte	0x681
 922 06bc 0C       		.uleb128 0xc
 923 06bd 04       		.byte	0x4
 924 06be CE060000 		.4byte	0x6ce
 925 06c2 06       		.uleb128 0x6
 926 06c3 BC060000 		.4byte	0x6bc
 927 06c7 04       		.uleb128 0x4
 928 06c8 01       		.byte	0x1
 929 06c9 08       		.byte	0x8
 930 06ca B7050000 		.4byte	.LASF95
 931 06ce 05       		.uleb128 0x5
 932 06cf C7060000 		.4byte	0x6c7
 933 06d3 0C       		.uleb128 0xc
 934 06d4 04       		.byte	0x4
 935 06d5 0B050000 		.4byte	0x50b
 936 06d9 0C       		.uleb128 0xc
 937 06da 04       		.byte	0x4
 938 06db 5B030000 		.4byte	0x35b
 939 06df 19       		.uleb128 0x19
 940 06e0 636800   		.ascii	"ch\000"
 941 06e3 06       		.byte	0x6
 942 06e4 C701     		.2byte	0x1c7
 943 06e6 14       		.byte	0x14
 944 06e7 38040000 		.4byte	0x438
 945 06eb 13       		.uleb128 0x13
 946 06ec 0B050000 		.4byte	0x50b
 947 06f0 F6060000 		.4byte	0x6f6
 948 06f4 1A       		.uleb128 0x1a
 949 06f5 00       		.byte	0
 950 06f6 11       		.uleb128 0x11
 951 06f7 4B050000 		.4byte	.LASF96
 952 06fb 0F       		.byte	0xf
 953 06fc 1701     		.2byte	0x117
 954 06fe 13       		.byte	0x13
 955 06ff EB060000 		.4byte	0x6eb
 956 0703 15       		.uleb128 0x15
 957 0704 16       		.byte	0x16
 958 0705 10       		.byte	0x10
 959 0706 34       		.byte	0x34
 960 0707 09       		.byte	0x9
 961 0708 F7070000 		.4byte	0x7f7
 962 070c 08       		.uleb128 0x8
 963 070d 61010000 		.4byte	.LASF97
 964 0711 10       		.byte	0x10
 965 0712 35       		.byte	0x35
 966 0713 0D       		.byte	0xd
 967 0714 F7070000 		.4byte	0x7f7
 968 0718 00       		.byte	0
 969 0719 08       		.uleb128 0x8
ARM GAS  /tmp/ccSn5W6k.s 			page 18


 970 071a 7E020000 		.4byte	.LASF98
 971 071e 10       		.byte	0x10
 972 071f 36       		.byte	0x36
 973 0720 0D       		.byte	0xd
 974 0721 B2000000 		.4byte	0xb2
 975 0725 04       		.byte	0x4
 976 0726 08       		.uleb128 0x8
 977 0727 29010000 		.4byte	.LASF99
 978 072b 10       		.byte	0x10
 979 072c 37       		.byte	0x37
 980 072d 0D       		.byte	0xd
 981 072e B2000000 		.4byte	0xb2
 982 0732 05       		.byte	0x5
 983 0733 08       		.uleb128 0x8
 984 0734 A3030000 		.4byte	.LASF100
 985 0738 10       		.byte	0x10
 986 0739 38       		.byte	0x38
 987 073a 0D       		.byte	0xd
 988 073b C3000000 		.4byte	0xc3
 989 073f 06       		.byte	0x6
 990 0740 08       		.uleb128 0x8
 991 0741 40060000 		.4byte	.LASF101
 992 0745 10       		.byte	0x10
 993 0746 39       		.byte	0x39
 994 0747 0D       		.byte	0xd
 995 0748 B2000000 		.4byte	0xb2
 996 074c 08       		.byte	0x8
 997 074d 08       		.uleb128 0x8
 998 074e 5D050000 		.4byte	.LASF102
 999 0752 10       		.byte	0x10
 1000 0753 3A       		.byte	0x3a
 1001 0754 0D       		.byte	0xd
 1002 0755 B2000000 		.4byte	0xb2
 1003 0759 09       		.byte	0x9
 1004 075a 08       		.uleb128 0x8
 1005 075b AF040000 		.4byte	.LASF103
 1006 075f 10       		.byte	0x10
 1007 0760 3B       		.byte	0x3b
 1008 0761 0D       		.byte	0xd
 1009 0762 B2000000 		.4byte	0xb2
 1010 0766 0A       		.byte	0xa
 1011 0767 08       		.uleb128 0x8
 1012 0768 D6040000 		.4byte	.LASF104
 1013 076c 10       		.byte	0x10
 1014 076d 3C       		.byte	0x3c
 1015 076e 0D       		.byte	0xd
 1016 076f B2000000 		.4byte	0xb2
 1017 0773 0B       		.byte	0xb
 1018 0774 08       		.uleb128 0x8
 1019 0775 47030000 		.4byte	.LASF105
 1020 0779 10       		.byte	0x10
 1021 077a 3D       		.byte	0x3d
 1022 077b 0D       		.byte	0xd
 1023 077c B2000000 		.4byte	0xb2
 1024 0780 0C       		.byte	0xc
 1025 0781 08       		.uleb128 0x8
 1026 0782 F5030000 		.4byte	.LASF106
ARM GAS  /tmp/ccSn5W6k.s 			page 19


 1027 0786 10       		.byte	0x10
 1028 0787 3E       		.byte	0x3e
 1029 0788 0D       		.byte	0xd
 1030 0789 B2000000 		.4byte	0xb2
 1031 078d 0D       		.byte	0xd
 1032 078e 08       		.uleb128 0x8
 1033 078f 17060000 		.4byte	.LASF107
 1034 0793 10       		.byte	0x10
 1035 0794 3F       		.byte	0x3f
 1036 0795 0D       		.byte	0xd
 1037 0796 B2000000 		.4byte	0xb2
 1038 079a 0E       		.byte	0xe
 1039 079b 08       		.uleb128 0x8
 1040 079c 77060000 		.4byte	.LASF108
 1041 07a0 10       		.byte	0x10
 1042 07a1 40       		.byte	0x40
 1043 07a2 0D       		.byte	0xd
 1044 07a3 B2000000 		.4byte	0xb2
 1045 07a7 0F       		.byte	0xf
 1046 07a8 08       		.uleb128 0x8
 1047 07a9 DF040000 		.4byte	.LASF109
 1048 07ad 10       		.byte	0x10
 1049 07ae 41       		.byte	0x41
 1050 07af 0D       		.byte	0xd
 1051 07b0 B2000000 		.4byte	0xb2
 1052 07b4 10       		.byte	0x10
 1053 07b5 08       		.uleb128 0x8
 1054 07b6 AE060000 		.4byte	.LASF110
 1055 07ba 10       		.byte	0x10
 1056 07bb 42       		.byte	0x42
 1057 07bc 0D       		.byte	0xd
 1058 07bd B2000000 		.4byte	0xb2
 1059 07c1 11       		.byte	0x11
 1060 07c2 08       		.uleb128 0x8
 1061 07c3 CA060000 		.4byte	.LASF111
 1062 07c7 10       		.byte	0x10
 1063 07c8 43       		.byte	0x43
 1064 07c9 0D       		.byte	0xd
 1065 07ca B2000000 		.4byte	0xb2
 1066 07ce 12       		.byte	0x12
 1067 07cf 08       		.uleb128 0x8
 1068 07d0 FE020000 		.4byte	.LASF112
 1069 07d4 10       		.byte	0x10
 1070 07d5 44       		.byte	0x44
 1071 07d6 0D       		.byte	0xd
 1072 07d7 B2000000 		.4byte	0xb2
 1073 07db 13       		.byte	0x13
 1074 07dc 08       		.uleb128 0x8
 1075 07dd 87010000 		.4byte	.LASF113
 1076 07e1 10       		.byte	0x10
 1077 07e2 45       		.byte	0x45
 1078 07e3 0D       		.byte	0xd
 1079 07e4 B2000000 		.4byte	0xb2
 1080 07e8 14       		.byte	0x14
 1081 07e9 08       		.uleb128 0x8
 1082 07ea 42050000 		.4byte	.LASF114
 1083 07ee 10       		.byte	0x10
ARM GAS  /tmp/ccSn5W6k.s 			page 20


 1084 07ef 46       		.byte	0x46
 1085 07f0 0D       		.byte	0xd
 1086 07f1 B2000000 		.4byte	0xb2
 1087 07f5 15       		.byte	0x15
 1088 07f6 00       		.byte	0
 1089 07f7 13       		.uleb128 0x13
 1090 07f8 C7060000 		.4byte	0x6c7
 1091 07fc 07080000 		.4byte	0x807
 1092 0800 14       		.uleb128 0x14
 1093 0801 30000000 		.4byte	0x30
 1094 0805 03       		.byte	0x3
 1095 0806 00       		.byte	0
 1096 0807 03       		.uleb128 0x3
 1097 0808 7D010000 		.4byte	.LASF115
 1098 080c 10       		.byte	0x10
 1099 080d 47       		.byte	0x47
 1100 080e 03       		.byte	0x3
 1101 080f 03070000 		.4byte	0x703
 1102 0813 05       		.uleb128 0x5
 1103 0814 07080000 		.4byte	0x807
 1104 0818 12       		.uleb128 0x12
 1105 0819 D6020000 		.4byte	.LASF116
 1106 081d 10       		.byte	0x10
 1107 081e 6C       		.byte	0x6c
 1108 081f 1D       		.byte	0x1d
 1109 0820 13080000 		.4byte	0x813
 1110 0824 03       		.uleb128 0x3
 1111 0825 83020000 		.4byte	.LASF117
 1112 0829 0E       		.byte	0xe
 1113 082a 34       		.byte	0x34
 1114 082b 19       		.byte	0x19
 1115 082c 81060000 		.4byte	0x681
 1116 0830 0C       		.uleb128 0xc
 1117 0831 04       		.byte	0x4
 1118 0832 24080000 		.4byte	0x824
 1119 0836 04       		.uleb128 0x4
 1120 0837 01       		.byte	0x1
 1121 0838 02       		.byte	0x2
 1122 0839 BA040000 		.4byte	.LASF118
 1123 083d 03       		.uleb128 0x3
 1124 083e 66000000 		.4byte	.LASF119
 1125 0842 11       		.byte	0x11
 1126 0843 47       		.byte	0x47
 1127 0844 11       		.byte	0x11
 1128 0845 49080000 		.4byte	0x849
 1129 0849 0C       		.uleb128 0xc
 1130 084a 04       		.byte	0x4
 1131 084b 4F080000 		.4byte	0x84f
 1132 084f 1B       		.uleb128 0x1b
 1133 0850 59030000 		.4byte	0x359
 1134 0854 63080000 		.4byte	0x863
 1135 0858 0F       		.uleb128 0xf
 1136 0859 24000000 		.4byte	0x24
 1137 085d 0F       		.uleb128 0xf
 1138 085e 30000000 		.4byte	0x30
 1139 0862 00       		.byte	0
 1140 0863 15       		.uleb128 0x15
ARM GAS  /tmp/ccSn5W6k.s 			page 21


 1141 0864 08       		.byte	0x8
 1142 0865 11       		.byte	0x11
 1143 0866 51       		.byte	0x51
 1144 0867 09       		.byte	0x9
 1145 0868 87080000 		.4byte	0x887
 1146 086c 08       		.uleb128 0x8
 1147 086d 6C010000 		.4byte	.LASF120
 1148 0871 11       		.byte	0x11
 1149 0872 55       		.byte	0x55
 1150 0873 0C       		.byte	0xc
 1151 0874 87080000 		.4byte	0x887
 1152 0878 00       		.byte	0
 1153 0879 08       		.uleb128 0x8
 1154 087a CF020000 		.4byte	.LASF121
 1155 087e 11       		.byte	0x11
 1156 087f 59       		.byte	0x59
 1157 0880 0C       		.byte	0xc
 1158 0881 87080000 		.4byte	0x887
 1159 0885 04       		.byte	0x4
 1160 0886 00       		.byte	0
 1161 0887 0C       		.uleb128 0xc
 1162 0888 04       		.byte	0x4
 1163 0889 B2000000 		.4byte	0xb2
 1164 088d 03       		.uleb128 0x3
 1165 088e 3E040000 		.4byte	.LASF122
 1166 0892 11       		.byte	0x11
 1167 0893 5A       		.byte	0x5a
 1168 0894 03       		.byte	0x3
 1169 0895 63080000 		.4byte	0x863
 1170 0899 12       		.uleb128 0x12
 1171 089a DF050000 		.4byte	.LASF123
 1172 089e 11       		.byte	0x11
 1173 089f 75       		.byte	0x75
 1174 08a0 12       		.byte	0x12
 1175 08a1 8D080000 		.4byte	0x88d
 1176 08a5 07       		.uleb128 0x7
 1177 08a6 6B060000 		.4byte	.LASF124
 1178 08aa 04       		.byte	0x4
 1179 08ab 12       		.byte	0x12
 1180 08ac 38       		.byte	0x38
 1181 08ad 08       		.byte	0x8
 1182 08ae C0080000 		.4byte	0x8c0
 1183 08b2 08       		.uleb128 0x8
 1184 08b3 F9000000 		.4byte	.LASF50
 1185 08b7 12       		.byte	0x12
 1186 08b8 39       		.byte	0x39
 1187 08b9 1A       		.byte	0x1a
 1188 08ba C0080000 		.4byte	0x8c0
 1189 08be 00       		.byte	0
 1190 08bf 00       		.byte	0
 1191 08c0 0C       		.uleb128 0xc
 1192 08c1 04       		.byte	0x4
 1193 08c2 A5080000 		.4byte	0x8a5
 1194 08c6 15       		.uleb128 0x15
 1195 08c7 10       		.byte	0x10
 1196 08c8 12       		.byte	0x12
 1197 08c9 40       		.byte	0x40
ARM GAS  /tmp/ccSn5W6k.s 			page 22


 1198 08ca 09       		.byte	0x9
 1199 08cb 04090000 		.4byte	0x904
 1200 08cf 08       		.uleb128 0x8
 1201 08d0 F9000000 		.4byte	.LASF50
 1202 08d4 12       		.byte	0x12
 1203 08d5 41       		.byte	0x41
 1204 08d6 1A       		.byte	0x1a
 1205 08d7 C0080000 		.4byte	0x8c0
 1206 08db 00       		.byte	0
 1207 08dc 08       		.uleb128 0x8
 1208 08dd 34060000 		.4byte	.LASF125
 1209 08e1 12       		.byte	0x12
 1210 08e2 42       		.byte	0x42
 1211 08e3 19       		.byte	0x19
 1212 08e4 24000000 		.4byte	0x24
 1213 08e8 04       		.byte	0x4
 1214 08e9 08       		.uleb128 0x8
 1215 08ea 8B020000 		.4byte	.LASF126
 1216 08ee 12       		.byte	0x12
 1217 08ef 44       		.byte	0x44
 1218 08f0 19       		.byte	0x19
 1219 08f1 30000000 		.4byte	0x30
 1220 08f5 08       		.byte	0x8
 1221 08f6 08       		.uleb128 0x8
 1222 08f7 54000000 		.4byte	.LASF127
 1223 08fb 12       		.byte	0x12
 1224 08fc 45       		.byte	0x45
 1225 08fd 19       		.byte	0x19
 1226 08fe 3D080000 		.4byte	0x83d
 1227 0902 0C       		.byte	0xc
 1228 0903 00       		.byte	0
 1229 0904 03       		.uleb128 0x3
 1230 0905 DF020000 		.4byte	.LASF128
 1231 0909 12       		.byte	0x12
 1232 090a 47       		.byte	0x47
 1233 090b 03       		.byte	0x3
 1234 090c C6080000 		.4byte	0x8c6
 1235 0910 07       		.uleb128 0x7
 1236 0911 98040000 		.4byte	.LASF129
 1237 0915 10       		.byte	0x10
 1238 0916 13       		.byte	0x13
 1239 0917 A9       		.byte	0xa9
 1240 0918 10       		.byte	0x10
 1241 0919 45090000 		.4byte	0x945
 1242 091d 08       		.uleb128 0x8
 1243 091e F9000000 		.4byte	.LASF50
 1244 0922 13       		.byte	0x13
 1245 0923 AD       		.byte	0xad
 1246 0924 1A       		.byte	0x1a
 1247 0925 45090000 		.4byte	0x945
 1248 0929 00       		.byte	0
 1249 092a 08       		.uleb128 0x8
 1250 092b 83040000 		.4byte	.LASF39
 1251 092f 13       		.byte	0x13
 1252 0930 B1       		.byte	0xb1
 1253 0931 19       		.byte	0x19
 1254 0932 58010000 		.4byte	0x158
ARM GAS  /tmp/ccSn5W6k.s 			page 23


 1255 0936 04       		.byte	0x4
 1256 0937 08       		.uleb128 0x8
 1257 0938 ED020000 		.4byte	.LASF35
 1258 093c 13       		.byte	0x13
 1259 093d B3       		.byte	0xb3
 1260 093e 19       		.byte	0x19
 1261 093f 4B090000 		.4byte	0x94b
 1262 0943 08       		.byte	0x8
 1263 0944 00       		.byte	0
 1264 0945 0C       		.uleb128 0xc
 1265 0946 04       		.byte	0x4
 1266 0947 10090000 		.4byte	0x910
 1267 094b 13       		.uleb128 0x13
 1268 094c C7060000 		.4byte	0x6c7
 1269 0950 5B090000 		.4byte	0x95b
 1270 0954 14       		.uleb128 0x14
 1271 0955 30000000 		.4byte	0x30
 1272 0959 07       		.byte	0x7
 1273 095a 00       		.byte	0
 1274 095b 03       		.uleb128 0x3
 1275 095c EB000000 		.4byte	.LASF130
 1276 0960 13       		.byte	0x13
 1277 0961 B7       		.byte	0xb7
 1278 0962 03       		.byte	0x3
 1279 0963 10090000 		.4byte	0x910
 1280 0967 07       		.uleb128 0x7
 1281 0968 E9030000 		.4byte	.LASF131
 1282 096c 04       		.byte	0x4
 1283 096d 13       		.byte	0x13
 1284 096e BC       		.byte	0xbc
 1285 096f 10       		.byte	0x10
 1286 0970 82090000 		.4byte	0x982
 1287 0974 08       		.uleb128 0x8
 1288 0975 F9000000 		.4byte	.LASF50
 1289 0979 13       		.byte	0x13
 1290 097a BD       		.byte	0xbd
 1291 097b 1A       		.byte	0x1a
 1292 097c 82090000 		.4byte	0x982
 1293 0980 00       		.byte	0
 1294 0981 00       		.byte	0
 1295 0982 0C       		.uleb128 0xc
 1296 0983 04       		.byte	0x4
 1297 0984 5B090000 		.4byte	0x95b
 1298 0988 03       		.uleb128 0x3
 1299 0989 30030000 		.4byte	.LASF132
 1300 098d 13       		.byte	0x13
 1301 098e BE       		.byte	0xbe
 1302 098f 03       		.byte	0x3
 1303 0990 67090000 		.4byte	0x967
 1304 0994 0D       		.uleb128 0xd
 1305 0995 48060000 		.4byte	.LASF133
 1306 0999 48       		.byte	0x48
 1307 099a 13       		.byte	0x13
 1308 099b 2001     		.2byte	0x120
 1309 099d 10       		.byte	0x10
 1310 099e 210A0000 		.4byte	0xa21
 1311 09a2 0A       		.uleb128 0xa
ARM GAS  /tmp/ccSn5W6k.s 			page 24


 1312 09a3 6D747800 		.ascii	"mtx\000"
 1313 09a7 13       		.byte	0x13
 1314 09a8 2501     		.2byte	0x125
 1315 09aa 19       		.byte	0x19
 1316 09ab 24080000 		.4byte	0x824
 1317 09af 00       		.byte	0
 1318 09b0 0B       		.uleb128 0xb
 1319 09b1 C2050000 		.4byte	.LASF134
 1320 09b5 13       		.byte	0x13
 1321 09b6 2C01     		.2byte	0x12c
 1322 09b8 19       		.byte	0x19
 1323 09b9 88090000 		.4byte	0x988
 1324 09bd 10       		.byte	0x10
 1325 09be 0B       		.uleb128 0xb
 1326 09bf 1B050000 		.4byte	.LASF135
 1327 09c3 13       		.byte	0x13
 1328 09c4 3001     		.2byte	0x130
 1329 09c6 19       		.byte	0x19
 1330 09c7 04090000 		.4byte	0x904
 1331 09cb 14       		.byte	0x14
 1332 09cc 0B       		.uleb128 0xb
 1333 09cd 07030000 		.4byte	.LASF136
 1334 09d1 13       		.byte	0x13
 1335 09d2 3501     		.2byte	0x135
 1336 09d4 19       		.byte	0x19
 1337 09d5 88090000 		.4byte	0x988
 1338 09d9 24       		.byte	0x24
 1339 09da 0B       		.uleb128 0xb
 1340 09db 5D000000 		.4byte	.LASF137
 1341 09df 13       		.byte	0x13
 1342 09e0 3B01     		.2byte	0x13b
 1343 09e2 19       		.byte	0x19
 1344 09e3 88090000 		.4byte	0x988
 1345 09e7 28       		.byte	0x28
 1346 09e8 0B       		.uleb128 0xb
 1347 09e9 22040000 		.4byte	.LASF138
 1348 09ed 13       		.byte	0x13
 1349 09ee 3F01     		.2byte	0x13f
 1350 09f0 19       		.byte	0x19
 1351 09f1 04090000 		.4byte	0x904
 1352 09f5 2C       		.byte	0x2c
 1353 09f6 0B       		.uleb128 0xb
 1354 09f7 4F020000 		.4byte	.LASF139
 1355 09fb 13       		.byte	0x13
 1356 09fc 4501     		.2byte	0x145
 1357 09fe 19       		.byte	0x19
 1358 09ff 88090000 		.4byte	0x988
 1359 0a03 3C       		.byte	0x3c
 1360 0a04 0B       		.uleb128 0xb
 1361 0a05 8E060000 		.4byte	.LASF140
 1362 0a09 13       		.byte	0x13
 1363 0a0a 4B01     		.2byte	0x14b
 1364 0a0c 19       		.byte	0x19
 1365 0a0d 88090000 		.4byte	0x988
 1366 0a11 40       		.byte	0x40
 1367 0a12 0B       		.uleb128 0xb
 1368 0a13 66050000 		.4byte	.LASF141
ARM GAS  /tmp/ccSn5W6k.s 			page 25


 1369 0a17 13       		.byte	0x13
 1370 0a18 5101     		.2byte	0x151
 1371 0a1a 19       		.byte	0x19
 1372 0a1b 88090000 		.4byte	0x988
 1373 0a1f 44       		.byte	0x44
 1374 0a20 00       		.byte	0
 1375 0a21 1C       		.uleb128 0x1c
 1376 0a22 B8060000 		.4byte	.LASF142
 1377 0a26 13       		.byte	0x13
 1378 0a27 5301     		.2byte	0x153
 1379 0a29 03       		.byte	0x3
 1380 0a2a 94090000 		.4byte	0x994
 1381 0a2e 11       		.uleb128 0x11
 1382 0a2f 10050000 		.4byte	.LASF143
 1383 0a33 13       		.byte	0x13
 1384 0a34 5E01     		.2byte	0x15e
 1385 0a36 1A       		.byte	0x1a
 1386 0a37 210A0000 		.4byte	0xa21
 1387 0a3b 00       		.byte	0
 1388              		.section	.gnu.debuglto_.debug_abbrev,"e",%progbits
 1389              	.Ldebug_abbrev0:
 1390 0000 01       		.uleb128 0x1
 1391 0001 11       		.uleb128 0x11
 1392 0002 01       		.byte	0x1
 1393 0003 25       		.uleb128 0x25
 1394 0004 0E       		.uleb128 0xe
 1395 0005 13       		.uleb128 0x13
 1396 0006 0B       		.uleb128 0xb
 1397 0007 03       		.uleb128 0x3
 1398 0008 0E       		.uleb128 0xe
 1399 0009 1B       		.uleb128 0x1b
 1400 000a 0E       		.uleb128 0xe
 1401 000b 10       		.uleb128 0x10
 1402 000c 17       		.uleb128 0x17
 1403 000d 00       		.byte	0
 1404 000e 00       		.byte	0
 1405 000f 02       		.uleb128 0x2
 1406 0010 24       		.uleb128 0x24
 1407 0011 00       		.byte	0
 1408 0012 0B       		.uleb128 0xb
 1409 0013 0B       		.uleb128 0xb
 1410 0014 3E       		.uleb128 0x3e
 1411 0015 0B       		.uleb128 0xb
 1412 0016 03       		.uleb128 0x3
 1413 0017 08       		.uleb128 0x8
 1414 0018 00       		.byte	0
 1415 0019 00       		.byte	0
 1416 001a 03       		.uleb128 0x3
 1417 001b 16       		.uleb128 0x16
 1418 001c 00       		.byte	0
 1419 001d 03       		.uleb128 0x3
 1420 001e 0E       		.uleb128 0xe
 1421 001f 3A       		.uleb128 0x3a
 1422 0020 0B       		.uleb128 0xb
 1423 0021 3B       		.uleb128 0x3b
 1424 0022 0B       		.uleb128 0xb
 1425 0023 39       		.uleb128 0x39
ARM GAS  /tmp/ccSn5W6k.s 			page 26


 1426 0024 0B       		.uleb128 0xb
 1427 0025 49       		.uleb128 0x49
 1428 0026 13       		.uleb128 0x13
 1429 0027 00       		.byte	0
 1430 0028 00       		.byte	0
 1431 0029 04       		.uleb128 0x4
 1432 002a 24       		.uleb128 0x24
 1433 002b 00       		.byte	0
 1434 002c 0B       		.uleb128 0xb
 1435 002d 0B       		.uleb128 0xb
 1436 002e 3E       		.uleb128 0x3e
 1437 002f 0B       		.uleb128 0xb
 1438 0030 03       		.uleb128 0x3
 1439 0031 0E       		.uleb128 0xe
 1440 0032 00       		.byte	0
 1441 0033 00       		.byte	0
 1442 0034 05       		.uleb128 0x5
 1443 0035 26       		.uleb128 0x26
 1444 0036 00       		.byte	0
 1445 0037 49       		.uleb128 0x49
 1446 0038 13       		.uleb128 0x13
 1447 0039 00       		.byte	0
 1448 003a 00       		.byte	0
 1449 003b 06       		.uleb128 0x6
 1450 003c 35       		.uleb128 0x35
 1451 003d 00       		.byte	0
 1452 003e 49       		.uleb128 0x49
 1453 003f 13       		.uleb128 0x13
 1454 0040 00       		.byte	0
 1455 0041 00       		.byte	0
 1456 0042 07       		.uleb128 0x7
 1457 0043 13       		.uleb128 0x13
 1458 0044 01       		.byte	0x1
 1459 0045 03       		.uleb128 0x3
 1460 0046 0E       		.uleb128 0xe
 1461 0047 0B       		.uleb128 0xb
 1462 0048 0B       		.uleb128 0xb
 1463 0049 3A       		.uleb128 0x3a
 1464 004a 0B       		.uleb128 0xb
 1465 004b 3B       		.uleb128 0x3b
 1466 004c 0B       		.uleb128 0xb
 1467 004d 39       		.uleb128 0x39
 1468 004e 0B       		.uleb128 0xb
 1469 004f 01       		.uleb128 0x1
 1470 0050 13       		.uleb128 0x13
 1471 0051 00       		.byte	0
 1472 0052 00       		.byte	0
 1473 0053 08       		.uleb128 0x8
 1474 0054 0D       		.uleb128 0xd
 1475 0055 00       		.byte	0
 1476 0056 03       		.uleb128 0x3
 1477 0057 0E       		.uleb128 0xe
 1478 0058 3A       		.uleb128 0x3a
 1479 0059 0B       		.uleb128 0xb
 1480 005a 3B       		.uleb128 0x3b
 1481 005b 0B       		.uleb128 0xb
 1482 005c 39       		.uleb128 0x39
ARM GAS  /tmp/ccSn5W6k.s 			page 27


 1483 005d 0B       		.uleb128 0xb
 1484 005e 49       		.uleb128 0x49
 1485 005f 13       		.uleb128 0x13
 1486 0060 38       		.uleb128 0x38
 1487 0061 0B       		.uleb128 0xb
 1488 0062 00       		.byte	0
 1489 0063 00       		.byte	0
 1490 0064 09       		.uleb128 0x9
 1491 0065 0D       		.uleb128 0xd
 1492 0066 00       		.byte	0
 1493 0067 03       		.uleb128 0x3
 1494 0068 08       		.uleb128 0x8
 1495 0069 3A       		.uleb128 0x3a
 1496 006a 0B       		.uleb128 0xb
 1497 006b 3B       		.uleb128 0x3b
 1498 006c 0B       		.uleb128 0xb
 1499 006d 39       		.uleb128 0x39
 1500 006e 0B       		.uleb128 0xb
 1501 006f 49       		.uleb128 0x49
 1502 0070 13       		.uleb128 0x13
 1503 0071 38       		.uleb128 0x38
 1504 0072 0B       		.uleb128 0xb
 1505 0073 00       		.byte	0
 1506 0074 00       		.byte	0
 1507 0075 0A       		.uleb128 0xa
 1508 0076 0D       		.uleb128 0xd
 1509 0077 00       		.byte	0
 1510 0078 03       		.uleb128 0x3
 1511 0079 08       		.uleb128 0x8
 1512 007a 3A       		.uleb128 0x3a
 1513 007b 0B       		.uleb128 0xb
 1514 007c 3B       		.uleb128 0x3b
 1515 007d 05       		.uleb128 0x5
 1516 007e 39       		.uleb128 0x39
 1517 007f 0B       		.uleb128 0xb
 1518 0080 49       		.uleb128 0x49
 1519 0081 13       		.uleb128 0x13
 1520 0082 38       		.uleb128 0x38
 1521 0083 0B       		.uleb128 0xb
 1522 0084 00       		.byte	0
 1523 0085 00       		.byte	0
 1524 0086 0B       		.uleb128 0xb
 1525 0087 0D       		.uleb128 0xd
 1526 0088 00       		.byte	0
 1527 0089 03       		.uleb128 0x3
 1528 008a 0E       		.uleb128 0xe
 1529 008b 3A       		.uleb128 0x3a
 1530 008c 0B       		.uleb128 0xb
 1531 008d 3B       		.uleb128 0x3b
 1532 008e 05       		.uleb128 0x5
 1533 008f 39       		.uleb128 0x39
 1534 0090 0B       		.uleb128 0xb
 1535 0091 49       		.uleb128 0x49
 1536 0092 13       		.uleb128 0x13
 1537 0093 38       		.uleb128 0x38
 1538 0094 0B       		.uleb128 0xb
 1539 0095 00       		.byte	0
ARM GAS  /tmp/ccSn5W6k.s 			page 28


 1540 0096 00       		.byte	0
 1541 0097 0C       		.uleb128 0xc
 1542 0098 0F       		.uleb128 0xf
 1543 0099 00       		.byte	0
 1544 009a 0B       		.uleb128 0xb
 1545 009b 0B       		.uleb128 0xb
 1546 009c 49       		.uleb128 0x49
 1547 009d 13       		.uleb128 0x13
 1548 009e 00       		.byte	0
 1549 009f 00       		.byte	0
 1550 00a0 0D       		.uleb128 0xd
 1551 00a1 13       		.uleb128 0x13
 1552 00a2 01       		.byte	0x1
 1553 00a3 03       		.uleb128 0x3
 1554 00a4 0E       		.uleb128 0xe
 1555 00a5 0B       		.uleb128 0xb
 1556 00a6 0B       		.uleb128 0xb
 1557 00a7 3A       		.uleb128 0x3a
 1558 00a8 0B       		.uleb128 0xb
 1559 00a9 3B       		.uleb128 0x3b
 1560 00aa 05       		.uleb128 0x5
 1561 00ab 39       		.uleb128 0x39
 1562 00ac 0B       		.uleb128 0xb
 1563 00ad 01       		.uleb128 0x1
 1564 00ae 13       		.uleb128 0x13
 1565 00af 00       		.byte	0
 1566 00b0 00       		.byte	0
 1567 00b1 0E       		.uleb128 0xe
 1568 00b2 15       		.uleb128 0x15
 1569 00b3 01       		.byte	0x1
 1570 00b4 27       		.uleb128 0x27
 1571 00b5 19       		.uleb128 0x19
 1572 00b6 01       		.uleb128 0x1
 1573 00b7 13       		.uleb128 0x13
 1574 00b8 00       		.byte	0
 1575 00b9 00       		.byte	0
 1576 00ba 0F       		.uleb128 0xf
 1577 00bb 05       		.uleb128 0x5
 1578 00bc 00       		.byte	0
 1579 00bd 49       		.uleb128 0x49
 1580 00be 13       		.uleb128 0x13
 1581 00bf 00       		.byte	0
 1582 00c0 00       		.byte	0
 1583 00c1 10       		.uleb128 0x10
 1584 00c2 0F       		.uleb128 0xf
 1585 00c3 00       		.byte	0
 1586 00c4 0B       		.uleb128 0xb
 1587 00c5 0B       		.uleb128 0xb
 1588 00c6 00       		.byte	0
 1589 00c7 00       		.byte	0
 1590 00c8 11       		.uleb128 0x11
 1591 00c9 34       		.uleb128 0x34
 1592 00ca 00       		.byte	0
 1593 00cb 03       		.uleb128 0x3
 1594 00cc 0E       		.uleb128 0xe
 1595 00cd 3A       		.uleb128 0x3a
 1596 00ce 0B       		.uleb128 0xb
ARM GAS  /tmp/ccSn5W6k.s 			page 29


 1597 00cf 3B       		.uleb128 0x3b
 1598 00d0 05       		.uleb128 0x5
 1599 00d1 39       		.uleb128 0x39
 1600 00d2 0B       		.uleb128 0xb
 1601 00d3 49       		.uleb128 0x49
 1602 00d4 13       		.uleb128 0x13
 1603 00d5 3F       		.uleb128 0x3f
 1604 00d6 19       		.uleb128 0x19
 1605 00d7 3C       		.uleb128 0x3c
 1606 00d8 19       		.uleb128 0x19
 1607 00d9 00       		.byte	0
 1608 00da 00       		.byte	0
 1609 00db 12       		.uleb128 0x12
 1610 00dc 34       		.uleb128 0x34
 1611 00dd 00       		.byte	0
 1612 00de 03       		.uleb128 0x3
 1613 00df 0E       		.uleb128 0xe
 1614 00e0 3A       		.uleb128 0x3a
 1615 00e1 0B       		.uleb128 0xb
 1616 00e2 3B       		.uleb128 0x3b
 1617 00e3 0B       		.uleb128 0xb
 1618 00e4 39       		.uleb128 0x39
 1619 00e5 0B       		.uleb128 0xb
 1620 00e6 49       		.uleb128 0x49
 1621 00e7 13       		.uleb128 0x13
 1622 00e8 3F       		.uleb128 0x3f
 1623 00e9 19       		.uleb128 0x19
 1624 00ea 3C       		.uleb128 0x3c
 1625 00eb 19       		.uleb128 0x19
 1626 00ec 00       		.byte	0
 1627 00ed 00       		.byte	0
 1628 00ee 13       		.uleb128 0x13
 1629 00ef 01       		.uleb128 0x1
 1630 00f0 01       		.byte	0x1
 1631 00f1 49       		.uleb128 0x49
 1632 00f2 13       		.uleb128 0x13
 1633 00f3 01       		.uleb128 0x1
 1634 00f4 13       		.uleb128 0x13
 1635 00f5 00       		.byte	0
 1636 00f6 00       		.byte	0
 1637 00f7 14       		.uleb128 0x14
 1638 00f8 21       		.uleb128 0x21
 1639 00f9 00       		.byte	0
 1640 00fa 49       		.uleb128 0x49
 1641 00fb 13       		.uleb128 0x13
 1642 00fc 2F       		.uleb128 0x2f
 1643 00fd 0B       		.uleb128 0xb
 1644 00fe 00       		.byte	0
 1645 00ff 00       		.byte	0
 1646 0100 15       		.uleb128 0x15
 1647 0101 13       		.uleb128 0x13
 1648 0102 01       		.byte	0x1
 1649 0103 0B       		.uleb128 0xb
 1650 0104 0B       		.uleb128 0xb
 1651 0105 3A       		.uleb128 0x3a
 1652 0106 0B       		.uleb128 0xb
 1653 0107 3B       		.uleb128 0x3b
ARM GAS  /tmp/ccSn5W6k.s 			page 30


 1654 0108 0B       		.uleb128 0xb
 1655 0109 39       		.uleb128 0x39
 1656 010a 0B       		.uleb128 0xb
 1657 010b 01       		.uleb128 0x1
 1658 010c 13       		.uleb128 0x13
 1659 010d 00       		.byte	0
 1660 010e 00       		.byte	0
 1661 010f 16       		.uleb128 0x16
 1662 0110 17       		.uleb128 0x17
 1663 0111 01       		.byte	0x1
 1664 0112 0B       		.uleb128 0xb
 1665 0113 0B       		.uleb128 0xb
 1666 0114 3A       		.uleb128 0x3a
 1667 0115 0B       		.uleb128 0xb
 1668 0116 3B       		.uleb128 0x3b
 1669 0117 0B       		.uleb128 0xb
 1670 0118 39       		.uleb128 0x39
 1671 0119 0B       		.uleb128 0xb
 1672 011a 01       		.uleb128 0x1
 1673 011b 13       		.uleb128 0x13
 1674 011c 00       		.byte	0
 1675 011d 00       		.byte	0
 1676 011e 17       		.uleb128 0x17
 1677 011f 0D       		.uleb128 0xd
 1678 0120 00       		.byte	0
 1679 0121 03       		.uleb128 0x3
 1680 0122 0E       		.uleb128 0xe
 1681 0123 3A       		.uleb128 0x3a
 1682 0124 0B       		.uleb128 0xb
 1683 0125 3B       		.uleb128 0x3b
 1684 0126 0B       		.uleb128 0xb
 1685 0127 39       		.uleb128 0x39
 1686 0128 0B       		.uleb128 0xb
 1687 0129 49       		.uleb128 0x49
 1688 012a 13       		.uleb128 0x13
 1689 012b 00       		.byte	0
 1690 012c 00       		.byte	0
 1691 012d 18       		.uleb128 0x18
 1692 012e 0D       		.uleb128 0xd
 1693 012f 00       		.byte	0
 1694 0130 03       		.uleb128 0x3
 1695 0131 0E       		.uleb128 0xe
 1696 0132 3A       		.uleb128 0x3a
 1697 0133 0B       		.uleb128 0xb
 1698 0134 3B       		.uleb128 0x3b
 1699 0135 05       		.uleb128 0x5
 1700 0136 39       		.uleb128 0x39
 1701 0137 0B       		.uleb128 0xb
 1702 0138 49       		.uleb128 0x49
 1703 0139 13       		.uleb128 0x13
 1704 013a 00       		.byte	0
 1705 013b 00       		.byte	0
 1706 013c 19       		.uleb128 0x19
 1707 013d 34       		.uleb128 0x34
 1708 013e 00       		.byte	0
 1709 013f 03       		.uleb128 0x3
 1710 0140 08       		.uleb128 0x8
ARM GAS  /tmp/ccSn5W6k.s 			page 31


 1711 0141 3A       		.uleb128 0x3a
 1712 0142 0B       		.uleb128 0xb
 1713 0143 3B       		.uleb128 0x3b
 1714 0144 05       		.uleb128 0x5
 1715 0145 39       		.uleb128 0x39
 1716 0146 0B       		.uleb128 0xb
 1717 0147 49       		.uleb128 0x49
 1718 0148 13       		.uleb128 0x13
 1719 0149 3F       		.uleb128 0x3f
 1720 014a 19       		.uleb128 0x19
 1721 014b 3C       		.uleb128 0x3c
 1722 014c 19       		.uleb128 0x19
 1723 014d 00       		.byte	0
 1724 014e 00       		.byte	0
 1725 014f 1A       		.uleb128 0x1a
 1726 0150 21       		.uleb128 0x21
 1727 0151 00       		.byte	0
 1728 0152 00       		.byte	0
 1729 0153 00       		.byte	0
 1730 0154 1B       		.uleb128 0x1b
 1731 0155 15       		.uleb128 0x15
 1732 0156 01       		.byte	0x1
 1733 0157 27       		.uleb128 0x27
 1734 0158 19       		.uleb128 0x19
 1735 0159 49       		.uleb128 0x49
 1736 015a 13       		.uleb128 0x13
 1737 015b 01       		.uleb128 0x1
 1738 015c 13       		.uleb128 0x13
 1739 015d 00       		.byte	0
 1740 015e 00       		.byte	0
 1741 015f 1C       		.uleb128 0x1c
 1742 0160 16       		.uleb128 0x16
 1743 0161 00       		.byte	0
 1744 0162 03       		.uleb128 0x3
 1745 0163 0E       		.uleb128 0xe
 1746 0164 3A       		.uleb128 0x3a
 1747 0165 0B       		.uleb128 0xb
 1748 0166 3B       		.uleb128 0x3b
 1749 0167 05       		.uleb128 0x5
 1750 0168 39       		.uleb128 0x39
 1751 0169 0B       		.uleb128 0xb
 1752 016a 49       		.uleb128 0x49
 1753 016b 13       		.uleb128 0x13
 1754 016c 00       		.byte	0
 1755 016d 00       		.byte	0
 1756 016e 00       		.byte	0
 1757              		.section	.gnu.debuglto_.debug_line,"e",%progbits
 1758              	.Ldebug_line0:
 1759 0000 7F020000 		.4byte	.LELT0-.LSLT0
 1760              	.LSLT0:
 1761 0004 0400     		.2byte	0x4
 1762 0006 79020000 		.4byte	.LELTP0-.LASLTP0
 1763              	.LASLTP0:
 1764 000a 01       		.byte	0x1
 1765 000b 01       		.byte	0x1
 1766 000c 01       		.byte	0x1
 1767 000d F6       		.byte	0xf6
ARM GAS  /tmp/ccSn5W6k.s 			page 32


 1768 000e F2       		.byte	0xf2
 1769 000f 0D       		.byte	0xd
 1770 0010 00       		.byte	0
 1771 0011 01       		.byte	0x1
 1772 0012 01       		.byte	0x1
 1773 0013 01       		.byte	0x1
 1774 0014 01       		.byte	0x1
 1775 0015 00       		.byte	0
 1776 0016 00       		.byte	0
 1777 0017 00       		.byte	0
 1778 0018 01       		.byte	0x1
 1779 0019 00       		.byte	0
 1780 001a 00       		.byte	0
 1781 001b 01       		.byte	0x1
 1782 001c 2E2E2F2E 		.ascii	"../../ChibiOS/os/common/ext/ARM/CMSIS/Core/Include"
 1782      2E2F4368 
 1782      6962694F 
 1782      532F6F73 
 1782      2F636F6D 
 1783 004e 00       		.byte	0
 1784 004f 2E2E2F2E 		.ascii	"../../ChibiOS/os/common/ext/ST/STM32F4xx"
 1784      2E2F4368 
 1784      6962694F 
 1784      532F6F73 
 1784      2F636F6D 
 1785 0077 00       		.byte	0
 1786 0078 2E2E2F2E 		.ascii	"../../ChibiOS/os/common/ports/ARMCMx/compilers/GCC"
 1786      2E2F4368 
 1786      6962694F 
 1786      532F6F73 
 1786      2F636F6D 
 1787 00aa 00       		.byte	0
 1788 00ab 2E2E2F2E 		.ascii	"../../ChibiOS/os/common/ports/ARMCMx"
 1788      2E2F4368 
 1788      6962694F 
 1788      532F6F73 
 1788      2F636F6D 
 1789 00cf 00       		.byte	0
 1790 00d0 2E2E2F2E 		.ascii	"../../ChibiOS/os/oslib/include"
 1790      2E2F4368 
 1790      6962694F 
 1790      532F6F73 
 1790      2F6F736C 
 1791 00ee 00       		.byte	0
 1792 00ef 2E2E2F2E 		.ascii	"../../ChibiOS/os/rt/include"
 1792      2E2F4368 
 1792      6962694F 
 1792      532F6F73 
 1792      2F72742F 
 1793 010a 00       		.byte	0
 1794 010b 2F757372 		.ascii	"/usr/arm-none-eabi/include/machine"
 1794      2F61726D 
 1794      2D6E6F6E 
 1794      652D6561 
 1794      62692F69 
 1795 012d 00       		.byte	0
 1796 012e 2F757372 		.ascii	"/usr/arm-none-eabi/include/sys"
ARM GAS  /tmp/ccSn5W6k.s 			page 33


 1796      2F61726D 
 1796      2D6E6F6E 
 1796      652D6561 
 1796      62692F69 
 1797 014c 00       		.byte	0
 1798 014d 2F757372 		.ascii	"/usr/lib/gcc/arm-none-eabi/9.2.0/include"
 1798      2F6C6962 
 1798      2F676363 
 1798      2F61726D 
 1798      2D6E6F6E 
 1799 0175 00       		.byte	0
 1800 0176 00       		.byte	0
 1801 0177 73746464 		.ascii	"stddef.h\000"
 1801      65662E68 
 1801      00
 1802 0180 09       		.uleb128 0x9
 1803 0181 00       		.uleb128 0
 1804 0182 00       		.uleb128 0
 1805 0183 5F646566 		.ascii	"_default_types.h\000"
 1805      61756C74 
 1805      5F747970 
 1805      65732E68 
 1805      00
 1806 0194 07       		.uleb128 0x7
 1807 0195 00       		.uleb128 0
 1808 0196 00       		.uleb128 0
 1809 0197 5F737464 		.ascii	"_stdint.h\000"
 1809      696E742E 
 1809      6800
 1810 01a1 08       		.uleb128 0x8
 1811 01a2 00       		.uleb128 0
 1812 01a3 00       		.uleb128 0
 1813 01a4 63687479 		.ascii	"chtypes.h\000"
 1813      7065732E 
 1813      6800
 1814 01ae 03       		.uleb128 0x3
 1815 01af 00       		.uleb128 0
 1816 01b0 00       		.uleb128 0
 1817 01b1 63687379 		.ascii	"chsystypes.h\000"
 1817      73747970 
 1817      65732E68 
 1817      00
 1818 01be 06       		.uleb128 0x6
 1819 01bf 00       		.uleb128 0
 1820 01c0 00       		.uleb128 0
 1821 01c1 63687363 		.ascii	"chschd.h\000"
 1821      68642E68 
 1821      00
 1822 01ca 06       		.uleb128 0x6
 1823 01cb 00       		.uleb128 0
 1824 01cc 00       		.uleb128 0
 1825 01cd 63687469 		.ascii	"chtime.h\000"
 1825      6D652E68 
 1825      00
 1826 01d6 06       		.uleb128 0x6
 1827 01d7 00       		.uleb128 0
 1828 01d8 00       		.uleb128 0
ARM GAS  /tmp/ccSn5W6k.s 			page 34


 1829 01d9 636F7265 		.ascii	"core_cm4.h\000"
 1829      5F636D34 
 1829      2E6800
 1830 01e4 01       		.uleb128 0x1
 1831 01e5 00       		.uleb128 0
 1832 01e6 00       		.uleb128 0
 1833 01e7 73797374 		.ascii	"system_stm32f4xx.h\000"
 1833      656D5F73 
 1833      746D3332 
 1833      66347878 
 1833      2E6800
 1834 01fa 02       		.uleb128 0x2
 1835 01fb 00       		.uleb128 0
 1836 01fc 00       		.uleb128 0
 1837 01fd 6368636F 		.ascii	"chcore.h\000"
 1837      72652E68 
 1837      00
 1838 0206 04       		.uleb128 0x4
 1839 0207 00       		.uleb128 0
 1840 0208 00       		.uleb128 0
 1841 0209 6368636F 		.ascii	"chcore_v7m.h\000"
 1841      72655F76 
 1841      376D2E68 
 1841      00
 1842 0216 04       		.uleb128 0x4
 1843 0217 00       		.uleb128 0
 1844 0218 00       		.uleb128 0
 1845 0219 6368746D 		.ascii	"chtm.h\000"
 1845      2E6800
 1846 0220 06       		.uleb128 0x6
 1847 0221 00       		.uleb128 0
 1848 0222 00       		.uleb128 0
 1849 0223 63687365 		.ascii	"chsem.h\000"
 1849      6D2E6800 
 1850 022b 06       		.uleb128 0x6
 1851 022c 00       		.uleb128 0
 1852 022d 00       		.uleb128 0
 1853 022e 63686D74 		.ascii	"chmtx.h\000"
 1853      782E6800 
 1854 0236 06       		.uleb128 0x6
 1855 0237 00       		.uleb128 0
 1856 0238 00       		.uleb128 0
 1857 0239 63687379 		.ascii	"chsys.h\000"
 1857      732E6800 
 1858 0241 06       		.uleb128 0x6
 1859 0242 00       		.uleb128 0
 1860 0243 00       		.uleb128 0
 1861 0244 63687265 		.ascii	"chregistry.h\000"
 1861      67697374 
 1861      72792E68 
 1861      00
 1862 0251 06       		.uleb128 0x6
 1863 0252 00       		.uleb128 0
 1864 0253 00       		.uleb128 0
 1865 0254 63686D65 		.ascii	"chmemcore.h\000"
 1865      6D636F72 
 1865      652E6800 
ARM GAS  /tmp/ccSn5W6k.s 			page 35


 1866 0260 05       		.uleb128 0x5
 1867 0261 00       		.uleb128 0
 1868 0262 00       		.uleb128 0
 1869 0263 63686D65 		.ascii	"chmempools.h\000"
 1869      6D706F6F 
 1869      6C732E68 
 1869      00
 1870 0270 05       		.uleb128 0x5
 1871 0271 00       		.uleb128 0
 1872 0272 00       		.uleb128 0
 1873 0273 63686661 		.ascii	"chfactory.h\000"
 1873      63746F72 
 1873      792E6800 
 1874 027f 05       		.uleb128 0x5
 1875 0280 00       		.uleb128 0
 1876 0281 00       		.uleb128 0
 1877 0282 00       		.byte	0
 1878              	.LELTP0:
 1879              	.LELT0:
 1880              		.section	.gnu.debuglto_.debug_str,"eMS",%progbits,1
 1881              	.LASF54:
 1882 0000 72656164 		.ascii	"ready_list_t\000"
 1882      795F6C69 
 1882      73745F74 
 1882      00
 1883              	.LASF4:
 1884 000d 73697A65 		.ascii	"size_t\000"
 1884      5F7400
 1885              	.LASF60:
 1886 0014 64656C74 		.ascii	"delta\000"
 1886      6100
 1887              	.LASF84:
 1888 001a 7264796D 		.ascii	"rdymsg\000"
 1888      736700
 1889              	.LASF20:
 1890 0021 75696E74 		.ascii	"uint64_t\000"
 1890      36345F74 
 1890      00
 1891              	.LASF5:
 1892 002a 5F5F7569 		.ascii	"__uint8_t\000"
 1892      6E74385F 
 1892      7400
 1893              	.LASF53:
 1894 0034 70726576 		.ascii	"prev\000"
 1894      00
 1895              	.LASF80:
 1896 0039 706F7274 		.ascii	"port_intctx\000"
 1896      5F696E74 
 1896      63747800 
 1897              	.LASF65:
 1898 0045 73797374 		.ascii	"system_debug_t\000"
 1898      656D5F64 
 1898      65627567 
 1898      5F7400
 1899              	.LASF127:
 1900 0054 70726F76 		.ascii	"provider\000"
 1900      69646572 
ARM GAS  /tmp/ccSn5W6k.s 			page 36


 1900      00
 1901              	.LASF137:
 1902 005d 73656D5F 		.ascii	"sem_list\000"
 1902      6C697374 
 1902      00
 1903              	.LASF119:
 1904 0066 6D656D67 		.ascii	"memgetfunc_t\000"
 1904      65746675 
 1904      6E635F74 
 1904      00
 1905              	.LASF15:
 1906 0073 6C6F6E67 		.ascii	"long long unsigned int\000"
 1906      206C6F6E 
 1906      6720756E 
 1906      7369676E 
 1906      65642069 
 1907              	.LASF85:
 1908 008a 65786974 		.ascii	"exitcode\000"
 1908      636F6465 
 1908      00
 1909              	.LASF72:
 1910 0093 6D61696E 		.ascii	"mainthread\000"
 1910      74687265 
 1910      616400
 1911              	.LASF88:
 1912 009e 73656E74 		.ascii	"sentmsg\000"
 1912      6D736700 
 1913              	.LASF62:
 1914 00a6 76697274 		.ascii	"virtual_timers_list_t\000"
 1914      75616C5F 
 1914      74696D65 
 1914      72735F6C 
 1914      6973745F 
 1915              	.LASF145:
 1916 00bc 2E2E2F2E 		.ascii	"../../ChibiOS/os/rt/src/chtrace.c\000"
 1916      2E2F4368 
 1916      6962694F 
 1916      532F6F73 
 1916      2F72742F 
 1917              	.LASF75:
 1918 00de 49544D5F 		.ascii	"ITM_RxBuffer\000"
 1918      52784275 
 1918      66666572 
 1918      00
 1919              	.LASF130:
 1920 00eb 64796E5F 		.ascii	"dyn_element_t\000"
 1920      656C656D 
 1920      656E745F 
 1920      7400
 1921              	.LASF50:
 1922 00f9 6E657874 		.ascii	"next\000"
 1922      00
 1923              	.LASF52:
 1924 00fe 63685F74 		.ascii	"ch_threads_queue\000"
 1924      68726561 
 1924      64735F71 
 1924      75657565 
ARM GAS  /tmp/ccSn5W6k.s 			page 37


 1924      00
 1925              	.LASF1:
 1926 010f 6C6F6E67 		.ascii	"long long int\000"
 1926      206C6F6E 
 1926      6720696E 
 1926      7400
 1927              	.LASF3:
 1928 011d 7369676E 		.ascii	"signed char\000"
 1928      65642063 
 1928      68617200 
 1929              	.LASF99:
 1930 0129 73697A65 		.ascii	"size\000"
 1930      00
 1931              	.LASF70:
 1932 012e 726C6973 		.ascii	"rlist\000"
 1932      7400
 1933              	.LASF71:
 1934 0134 76746C69 		.ascii	"vtlist\000"
 1934      737400
 1935              	.LASF41:
 1936 013b 6D736771 		.ascii	"msgqueue\000"
 1936      75657565 
 1936      00
 1937              	.LASF37:
 1938 0144 73746174 		.ascii	"state\000"
 1938      6500
 1939              	.LASF11:
 1940 014a 6C6F6E67 		.ascii	"long int\000"
 1940      20696E74 
 1940      00
 1941              	.LASF23:
 1942 0153 74737461 		.ascii	"tstate_t\000"
 1942      74655F74 
 1942      00
 1943              	.LASF61:
 1944 015c 66756E63 		.ascii	"func\000"
 1944      00
 1945              	.LASF97:
 1946 0161 6964656E 		.ascii	"identifier\000"
 1946      74696669 
 1946      657200
 1947              	.LASF120:
 1948 016c 62617365 		.ascii	"basemem\000"
 1948      6D656D00 
 1949              	.LASF17:
 1950 0174 75696E74 		.ascii	"uint16_t\000"
 1950      31365F74 
 1950      00
 1951              	.LASF115:
 1952 017d 63686465 		.ascii	"chdebug_t\000"
 1952      6275675F 
 1952      7400
 1953              	.LASF113:
 1954 0187 6F66665F 		.ascii	"off_preempt\000"
 1954      70726565 
 1954      6D707400 
 1955              	.LASF12:
ARM GAS  /tmp/ccSn5W6k.s 			page 38


 1956 0193 5F5F7569 		.ascii	"__uint32_t\000"
 1956      6E743332 
 1956      5F7400
 1957              	.LASF144:
 1958 019e 474E5520 		.ascii	"GNU C17 9.2.0 -mcpu=cortex-m4 -mthumb -mfloat-abi=s"
 1958      43313720 
 1958      392E322E 
 1958      30202D6D 
 1958      6370753D 
 1959 01d1 6F667420 		.ascii	"oft -march=armv7e-m -ggdb -Og -fomit-frame-pointer "
 1959      2D6D6172 
 1959      63683D61 
 1959      726D7637 
 1959      652D6D20 
 1960 0204 2D66616C 		.ascii	"-falign-functions=16 -ffunction-sections -fdata-sec"
 1960      69676E2D 
 1960      66756E63 
 1960      74696F6E 
 1960      733D3136 
 1961 0237 74696F6E 		.ascii	"tions -fno-common -flto\000"
 1961      73202D66 
 1961      6E6F2D63 
 1961      6F6D6D6F 
 1961      6E202D66 
 1962              	.LASF139:
 1963 024f 6D62785F 		.ascii	"mbx_list\000"
 1963      6C697374 
 1963      00
 1964              	.LASF66:
 1965 0258 63685F73 		.ascii	"ch_system_debug\000"
 1965      79737465 
 1965      6D5F6465 
 1965      62756700 
 1966              	.LASF40:
 1967 0268 77616974 		.ascii	"waiting\000"
 1967      696E6700 
 1968              	.LASF78:
 1969 0270 41504250 		.ascii	"APBPrescTable\000"
 1969      72657363 
 1969      5461626C 
 1969      6500
 1970              	.LASF98:
 1971 027e 7A65726F 		.ascii	"zero\000"
 1971      00
 1972              	.LASF117:
 1973 0283 6D757465 		.ascii	"mutex_t\000"
 1973      785F7400 
 1974              	.LASF126:
 1975 028b 616C6967 		.ascii	"align\000"
 1975      6E00
 1976              	.LASF74:
 1977 0291 73797369 		.ascii	"sysinterval_t\000"
 1977      6E746572 
 1977      76616C5F 
 1977      7400
 1978              	.LASF28:
 1979 029f 636E745F 		.ascii	"cnt_t\000"
ARM GAS  /tmp/ccSn5W6k.s 			page 39


 1979      7400
 1980              	.LASF0:
 1981 02a5 756E7369 		.ascii	"unsigned int\000"
 1981      676E6564 
 1981      20696E74 
 1981      00
 1982              	.LASF76:
 1983 02b2 53797374 		.ascii	"SystemCoreClock\000"
 1983      656D436F 
 1983      7265436C 
 1983      6F636B00 
 1984              	.LASF89:
 1985 02c2 77747365 		.ascii	"wtsemp\000"
 1985      6D7000
 1986              	.LASF87:
 1987 02c9 77747472 		.ascii	"wttrp\000"
 1987      7000
 1988              	.LASF121:
 1989 02cf 746F706D 		.ascii	"topmem\000"
 1989      656D00
 1990              	.LASF116:
 1991 02d6 63685F64 		.ascii	"ch_debug\000"
 1991      65627567 
 1991      00
 1992              	.LASF128:
 1993 02df 6D656D6F 		.ascii	"memory_pool_t\000"
 1993      72795F70 
 1993      6F6F6C5F 
 1993      7400
 1994              	.LASF35:
 1995 02ed 6E616D65 		.ascii	"name\000"
 1995      00
 1996              	.LASF31:
 1997 02f2 71756575 		.ascii	"queue\000"
 1997      6500
 1998              	.LASF45:
 1999 02f8 6D706F6F 		.ascii	"mpool\000"
 1999      6C00
 2000              	.LASF112:
 2001 02fe 6F66665F 		.ascii	"off_refs\000"
 2001      72656673 
 2001      00
 2002              	.LASF136:
 2003 0307 6275665F 		.ascii	"buf_list\000"
 2003      6C697374 
 2003      00
 2004              	.LASF48:
 2005 0310 63685F74 		.ascii	"ch_thread\000"
 2005      68726561 
 2005      6400
 2006              	.LASF26:
 2007 031a 6D73675F 		.ascii	"msg_t\000"
 2007      7400
 2008              	.LASF29:
 2009 0320 75636E74 		.ascii	"ucnt_t\000"
 2009      5F7400
 2010              	.LASF42:
ARM GAS  /tmp/ccSn5W6k.s 			page 40


 2011 0327 6570656E 		.ascii	"epending\000"
 2011      64696E67 
 2011      00
 2012              	.LASF132:
 2013 0330 64796E5F 		.ascii	"dyn_list_t\000"
 2013      6C697374 
 2013      5F7400
 2014              	.LASF68:
 2015 033b 63685F73 		.ascii	"ch_system_t\000"
 2015      79737465 
 2015      6D5F7400 
 2016              	.LASF105:
 2017 0347 6F66665F 		.ascii	"off_ctx\000"
 2017      63747800 
 2018              	.LASF22:
 2019 034f 746D6F64 		.ascii	"tmode_t\000"
 2019      655F7400 
 2020              	.LASF55:
 2021 0357 63685F72 		.ascii	"ch_ready_list\000"
 2021      65616479 
 2021      5F6C6973 
 2021      7400
 2022              	.LASF27:
 2023 0365 6576656E 		.ascii	"eventmask_t\000"
 2023      746D6173 
 2023      6B5F7400 
 2024              	.LASF77:
 2025 0371 41484250 		.ascii	"AHBPrescTable\000"
 2025      72657363 
 2025      5461626C 
 2025      6500
 2026              	.LASF10:
 2027 037f 5F5F696E 		.ascii	"__int32_t\000"
 2027      7433325F 
 2027      7400
 2028              	.LASF79:
 2029 0389 73746B61 		.ascii	"stkalign_t\000"
 2029      6C69676E 
 2029      5F7400
 2030              	.LASF33:
 2031 0394 6E657765 		.ascii	"newer\000"
 2031      7200
 2032              	.LASF44:
 2033 039a 7265616C 		.ascii	"realprio\000"
 2033      7072696F 
 2033      00
 2034              	.LASF100:
 2035 03a3 76657273 		.ascii	"version\000"
 2035      696F6E00 
 2036              	.LASF21:
 2037 03ab 7274636E 		.ascii	"rtcnt_t\000"
 2037      745F7400 
 2038              	.LASF46:
 2039 03b3 74687265 		.ascii	"thread_reference_t\000"
 2039      61645F72 
 2039      65666572 
 2039      656E6365 
ARM GAS  /tmp/ccSn5W6k.s 			page 41


 2039      5F7400
 2040              	.LASF63:
 2041 03c6 63685F76 		.ascii	"ch_virtual_timers_list\000"
 2041      69727475 
 2041      616C5F74 
 2041      696D6572 
 2041      735F6C69 
 2042              	.LASF2:
 2043 03dd 6C6F6E67 		.ascii	"long double\000"
 2043      20646F75 
 2043      626C6500 
 2044              	.LASF131:
 2045 03e9 63685F64 		.ascii	"ch_dyn_list\000"
 2045      796E5F6C 
 2045      69737400 
 2046              	.LASF106:
 2047 03f5 6F66665F 		.ascii	"off_newer\000"
 2047      6E657765 
 2047      7200
 2048              	.LASF81:
 2049 03ff 706F7274 		.ascii	"port_context\000"
 2049      5F636F6E 
 2049      74657874 
 2049      00
 2050              	.LASF83:
 2051 040c 746D5F63 		.ascii	"tm_calibration_t\000"
 2051      616C6962 
 2051      72617469 
 2051      6F6E5F74 
 2051      00
 2052              	.LASF32:
 2053 041d 7072696F 		.ascii	"prio\000"
 2053      00
 2054              	.LASF138:
 2055 0422 73656D5F 		.ascii	"sem_pool\000"
 2055      706F6F6C 
 2055      00
 2056              	.LASF56:
 2057 042b 63757272 		.ascii	"current\000"
 2057      656E7400 
 2058              	.LASF14:
 2059 0433 5F5F7569 		.ascii	"__uint64_t\000"
 2059      6E743634 
 2059      5F7400
 2060              	.LASF122:
 2061 043e 6D656D63 		.ascii	"memcore_t\000"
 2061      6F72655F 
 2061      7400
 2062              	.LASF146:
 2063 0448 2F686F6D 		.ascii	"/home/malay/Documents/mygit/misc/C_CPP/stm32f446re_"
 2063      652F6D61 
 2063      6C61792F 
 2063      446F6375 
 2063      6D656E74 
 2064 047b 4C4D5832 		.ascii	"LMX2572\000"
 2064      35373200 
 2065              	.LASF39:
ARM GAS  /tmp/ccSn5W6k.s 			page 42


 2066 0483 72656673 		.ascii	"refs\000"
 2066      00
 2067              	.LASF58:
 2068 0488 76697274 		.ascii	"virtual_timer_t\000"
 2068      75616C5F 
 2068      74696D65 
 2068      725F7400 
 2069              	.LASF129:
 2070 0498 63685F64 		.ascii	"ch_dyn_element\000"
 2070      796E5F65 
 2070      6C656D65 
 2070      6E7400
 2071              	.LASF25:
 2072 04a7 74707269 		.ascii	"tprio_t\000"
 2072      6F5F7400 
 2073              	.LASF103:
 2074 04af 74687265 		.ascii	"threadsize\000"
 2074      61647369 
 2074      7A6500
 2075              	.LASF118:
 2076 04ba 5F426F6F 		.ascii	"_Bool\000"
 2076      6C00
 2077              	.LASF18:
 2078 04c0 696E7433 		.ascii	"int32_t\000"
 2078      325F7400 
 2079              	.LASF6:
 2080 04c8 756E7369 		.ascii	"unsigned char\000"
 2080      676E6564 
 2080      20636861 
 2080      7200
 2081              	.LASF104:
 2082 04d6 6F66665F 		.ascii	"off_prio\000"
 2082      7072696F 
 2082      00
 2083              	.LASF109:
 2084 04df 6F66665F 		.ascii	"off_stklimit\000"
 2084      73746B6C 
 2084      696D6974 
 2084      00
 2085              	.LASF7:
 2086 04ec 73686F72 		.ascii	"short int\000"
 2086      7420696E 
 2086      7400
 2087              	.LASF64:
 2088 04f6 6C617374 		.ascii	"lasttime\000"
 2088      74696D65 
 2088      00
 2089              	.LASF91:
 2090 04ff 65776D61 		.ascii	"ewmask\000"
 2090      736B00
 2091              	.LASF69:
 2092 0506 63685F73 		.ascii	"ch_system\000"
 2092      79737465 
 2092      6D00
 2093              	.LASF143:
 2094 0510 63685F66 		.ascii	"ch_factory\000"
 2094      6163746F 
ARM GAS  /tmp/ccSn5W6k.s 			page 43


 2094      727900
 2095              	.LASF135:
 2096 051b 6F626A5F 		.ascii	"obj_pool\000"
 2096      706F6F6C 
 2096      00
 2097              	.LASF59:
 2098 0524 63685F76 		.ascii	"ch_virtual_timer\000"
 2098      69727475 
 2098      616C5F74 
 2098      696D6572 
 2098      00
 2099              	.LASF92:
 2100 0535 63685F73 		.ascii	"ch_semaphore\000"
 2100      656D6170 
 2100      686F7265 
 2100      00
 2101              	.LASF114:
 2102 0542 6F66665F 		.ascii	"off_time\000"
 2102      74696D65 
 2102      00
 2103              	.LASF96:
 2104 054b 63685F69 		.ascii	"ch_idle_thread_wa\000"
 2104      646C655F 
 2104      74687265 
 2104      61645F77 
 2104      6100
 2105              	.LASF102:
 2106 055d 74696D65 		.ascii	"timesize\000"
 2106      73697A65 
 2106      00
 2107              	.LASF141:
 2108 0566 70697065 		.ascii	"pipe_list\000"
 2108      5F6C6973 
 2108      7400
 2109              	.LASF19:
 2110 0570 75696E74 		.ascii	"uint32_t\000"
 2110      33325F74 
 2110      00
 2111              	.LASF90:
 2112 0579 77746D74 		.ascii	"wtmtxp\000"
 2112      787000
 2113              	.LASF24:
 2114 0580 74726566 		.ascii	"trefs_t\000"
 2114      735F7400 
 2115              	.LASF49:
 2116 0588 63685F74 		.ascii	"ch_threads_list\000"
 2116      68726561 
 2116      64735F6C 
 2116      69737400 
 2117              	.LASF94:
 2118 0598 6F776E65 		.ascii	"owner\000"
 2118      7200
 2119              	.LASF13:
 2120 059e 6C6F6E67 		.ascii	"long unsigned int\000"
 2120      20756E73 
 2120      69676E65 
 2120      6420696E 
ARM GAS  /tmp/ccSn5W6k.s 			page 44


 2120      7400
 2121              	.LASF36:
 2122 05b0 77616261 		.ascii	"wabase\000"
 2122      736500
 2123              	.LASF95:
 2124 05b7 63686172 		.ascii	"char\000"
 2124      00
 2125              	.LASF34:
 2126 05bc 6F6C6465 		.ascii	"older\000"
 2126      7200
 2127              	.LASF134:
 2128 05c2 6F626A5F 		.ascii	"obj_list\000"
 2128      6C697374 
 2128      00
 2129              	.LASF8:
 2130 05cb 5F5F7569 		.ascii	"__uint16_t\000"
 2130      6E743136 
 2130      5F7400
 2131              	.LASF30:
 2132 05d6 74687265 		.ascii	"thread_t\000"
 2132      61645F74 
 2132      00
 2133              	.LASF123:
 2134 05df 63685F6D 		.ascii	"ch_memcore\000"
 2134      656D636F 
 2134      726500
 2135              	.LASF73:
 2136 05ea 73797374 		.ascii	"systime_t\000"
 2136      696D655F 
 2136      7400
 2137              	.LASF57:
 2138 05f4 76746675 		.ascii	"vtfunc_t\000"
 2138      6E635F74 
 2138      00
 2139              	.LASF67:
 2140 05fd 70616E69 		.ascii	"panic_msg\000"
 2140      635F6D73 
 2140      6700
 2141              	.LASF82:
 2142 0607 6F666673 		.ascii	"offset\000"
 2142      657400
 2143              	.LASF93:
 2144 060e 63685F6D 		.ascii	"ch_mutex\000"
 2144      75746578 
 2144      00
 2145              	.LASF107:
 2146 0617 6F66665F 		.ascii	"off_older\000"
 2146      6F6C6465 
 2146      7200
 2147              	.LASF9:
 2148 0621 73686F72 		.ascii	"short unsigned int\000"
 2148      7420756E 
 2148      7369676E 
 2148      65642069 
 2148      6E7400
 2149              	.LASF125:
 2150 0634 6F626A65 		.ascii	"object_size\000"
ARM GAS  /tmp/ccSn5W6k.s 			page 45


 2150      63745F73 
 2150      697A6500 
 2151              	.LASF101:
 2152 0640 70747273 		.ascii	"ptrsize\000"
 2152      697A6500 
 2153              	.LASF133:
 2154 0648 63685F6F 		.ascii	"ch_objects_factory\000"
 2154      626A6563 
 2154      74735F66 
 2154      6163746F 
 2154      727900
 2155              	.LASF51:
 2156 065b 74687265 		.ascii	"threads_queue_t\000"
 2156      6164735F 
 2156      71756575 
 2156      655F7400 
 2157              	.LASF124:
 2158 066b 706F6F6C 		.ascii	"pool_header\000"
 2158      5F686561 
 2158      64657200 
 2159              	.LASF108:
 2160 0677 6F66665F 		.ascii	"off_name\000"
 2160      6E616D65 
 2160      00
 2161              	.LASF16:
 2162 0680 75696E74 		.ascii	"uint8_t\000"
 2162      385F7400 
 2163              	.LASF38:
 2164 0688 666C6167 		.ascii	"flags\000"
 2164      7300
 2165              	.LASF140:
 2166 068e 6669666F 		.ascii	"fifo_list\000"
 2166      5F6C6973 
 2166      7400
 2167              	.LASF86:
 2168 0698 77746F62 		.ascii	"wtobjp\000"
 2168      6A7000
 2169              	.LASF47:
 2170 069f 74687265 		.ascii	"threads_list_t\000"
 2170      6164735F 
 2170      6C697374 
 2170      5F7400
 2171              	.LASF110:
 2172 06ae 6F66665F 		.ascii	"off_state\000"
 2172      73746174 
 2172      6500
 2173              	.LASF142:
 2174 06b8 6F626A65 		.ascii	"objects_factory_t\000"
 2174      6374735F 
 2174      66616374 
 2174      6F72795F 
 2174      7400
 2175              	.LASF111:
 2176 06ca 6F66665F 		.ascii	"off_flags\000"
 2176      666C6167 
 2176      7300
 2177              	.LASF43:
ARM GAS  /tmp/ccSn5W6k.s 			page 46


 2178 06d4 6D74786C 		.ascii	"mtxlist\000"
 2178      69737400 
 2179              		.text
 2180              		.section	.gnu.lto_.profile.6153fe5d9cf5e41b,"e",%progbits
 2181 0000 789CE360 		.ascii	"x\234\343``\004B \000\000\000]\000\013"
 2181      60044220 
 2181      0000005D 
 2181      000B
 2182              		.text
 2183              		.section	.gnu.lto_.inline.6153fe5d9cf5e41b,"e",%progbits
 2184 0000 789CE360 		.ascii	"x\234\343``d`b@\006\000\000\316\000\014"
 2184      60646062 
 2184      40060000 
 2184      CE000C
 2185              		.text
 2186              		.section	.gnu.lto_.jmpfuncs.6153fe5d9cf5e41b,"e",%progbits
 2187 0000 789CE360 		.ascii	"x\234\343``d`b@\006\000\000\316\000\014"
 2187      60646062 
 2187      40060000 
 2187      CE000C
 2188              		.text
 2189              		.section	.gnu.lto_.pureconst.6153fe5d9cf5e41b,"e",%progbits
 2190 0000 789CE360 		.ascii	"x\234\343``\004B \000\000\000]\000\013"
 2190      60044220 
 2190      0000005D 
 2190      000B
 2191              		.text
 2192              		.section	.gnu.lto_.symbol_nodes.6153fe5d9cf5e41b,"e",%progbits
 2193 0000 789CE360 		.ascii	"x\234\343``d`b\000\001\000\000n\000\014"
 2193      60646062 
 2193      00010000 
 2193      6E000C
 2194              		.text
 2195              		.section	.gnu.lto_.refs.6153fe5d9cf5e41b,"e",%progbits
 2196 0000 789CE360 		.ascii	"x\234\343``\004B \000\000\000]\000\013"
 2196      60044220 
 2196      0000005D 
 2196      000B
 2197              		.text
 2198              		.section	.gnu.lto_.decls.6153fe5d9cf5e41b,"e",%progbits
 2199 0000 789CE360 		.ascii	"x\234\343``d\000\001\020\251\002\304\377\201\000\304"
 2199      60640001 
 2199      10A902C4 
 2199      FF8100C4 
 2200 0010 BEC84000 		.ascii	"\276\310@\000\000\000\3015\004\375"
 2200      0000C135 
 2200      04FD
 2201              		.text
 2202              		.section	.gnu.lto_.symtab.6153fe5d9cf5e41b,"e",%progbits
 2203              		.text
 2204              		.section	.gnu.lto_.opts,"e",%progbits
 2205 0000 272D666E 		.ascii	"'-fno-openmp' '-fno-openacc' '-fno-pie' '-mcpu=cort"
 2205      6F2D6F70 
 2205      656E6D70 
 2205      2720272D 
 2205      666E6F2D 
 2206 0033 65782D6D 		.ascii	"ex-m4' '-mthumb' '-mfloat-abi=soft' '-march=armv7e-"
ARM GAS  /tmp/ccSn5W6k.s 			page 47


 2206      34272027 
 2206      2D6D7468 
 2206      756D6227 
 2206      20272D6D 
 2207 0066 6D272027 		.ascii	"m' '-Og' '-fomit-frame-pointer' '-falign-functions="
 2207      2D4F6727 
 2207      20272D66 
 2207      6F6D6974 
 2207      2D667261 
 2208 0099 31362720 		.ascii	"16' '-ffunction-sections' '-fdata-sections' '-fno-c"
 2208      272D6666 
 2208      756E6374 
 2208      696F6E2D 
 2208      73656374 
 2209 00cc 6F6D6D6F 		.ascii	"ommon' '-flto'\000"
 2209      6E272027 
 2209      2D666C74 
 2209      6F2700
 2210              		.text
 2211              		.comm	__gnu_lto_v1,1,1
 2212              		.comm	__gnu_lto_slim,1,1
 2213              		.ident	"GCC: (Arch Repository) 9.2.0"
ARM GAS  /tmp/ccSn5W6k.s 			page 48


DEFINED SYMBOLS
                            *ABS*:0000000000000000 chtrace.c
     /tmp/ccSn5W6k.s:35     .gnu.debuglto_.debug_info:0000000000000000 chtrace.c.b209d834
                            *COM*:0000000000000001 __gnu_lto_v1
                            *COM*:0000000000000001 __gnu_lto_slim

NO UNDEFINED SYMBOLS
